🚀 [2026-02-25 07:21:54] Causal-TabDiff 终极服务器全量基线评估跑批启动！
================================================================
⏳ [跑批中] 当前挂载评估任务: CausalForest (Classic)
   标准输出与跟踪进度重定向至 -> logs/causalforest_full.log
🕒 开始时间: 2026-02-25 07:21:54
⏱ [CausalForest (Classic)] 仍在运行... 2026-02-25 07:21:54 | pid=1835496 | cpu/mem/etime=0.0 0.0 00:00 | log_stale=0s
⏱ [CausalForest (Classic)] 仍在运行... 2026-02-25 07:22:54 | pid=1835496 | cpu/mem/etime=165 0.2 01:00 | log_stale=5s
⏱ [CausalForest (Classic)] 仍在运行... 2026-02-25 07:23:55 | pid=1835496 | cpu/mem/etime=154 0.2 02:00 | log_stale=65s
⏱ [CausalForest (Classic)] 仍在运行... 2026-02-25 07:24:55 | pid=1835496 | cpu/mem/etime=150 0.3 03:00 | log_stale=126s
⏱ [CausalForest (Classic)] 仍在运行... 2026-02-25 07:25:55 | pid=1835496 | cpu/mem/etime=143 0.2 04:00 | log_stale=39s
⏱ [CausalForest (Classic)] 仍在运行... 2026-02-25 07:26:55 | pid=1835496 | cpu/mem/etime=136 0.2 05:00 | log_stale=99s
⏱ [CausalForest (Classic)] 仍在运行... 2026-02-25 07:27:55 | pid=1835496 | cpu/mem/etime=132 0.2 06:00 | log_stale=159s
⏱ [CausalForest (Classic)] 仍在运行... 2026-02-25 07:28:55 | pid=1835496 | cpu/mem/etime=129 0.2 07:00 | log_stale=219s
⏱ [CausalForest (Classic)] 仍在运行... 2026-02-25 07:29:55 | pid=1835496 | cpu/mem/etime=127 0.2 08:00 | log_stale=279s
⏱ [CausalForest (Classic)] 仍在运行... 2026-02-25 07:30:55 | pid=1835496 | cpu/mem/etime=125 0.2 09:00 | log_stale=339s
⚠️ [CausalForest (Classic)] 超过 300s 无新日志，可能在底层库长时间计算（如 forest fit），请继续观察。
⏱ [CausalForest (Classic)] 仍在运行... 2026-02-25 07:31:55 | pid=1835496 | cpu/mem/etime=124 0.2 10:00 | log_stale=399s
⚠️ [CausalForest (Classic)] 超过 300s 无新日志，可能在底层库长时间计算（如 forest fit），请继续观察。
⏱ [CausalForest (Classic)] 仍在运行... 2026-02-25 07:32:55 | pid=1835496 | cpu/mem/etime=123 0.2 11:00 | log_stale=459s
⚠️ [CausalForest (Classic)] 超过 300s 无新日志，可能在底层库长时间计算（如 forest fit），请继续观察。
⏱ [CausalForest (Classic)] 仍在运行... 2026-02-25 07:33:55 | pid=1835496 | cpu/mem/etime=122 0.2 12:00 | log_stale=519s
⚠️ [CausalForest (Classic)] 超过 300s 无新日志，可能在底层库长时间计算（如 forest fit），请继续观察。
⏱ [CausalForest (Classic)] 仍在运行... 2026-02-25 07:34:55 | pid=1835496 | cpu/mem/etime=121 0.2 13:00 | log_stale=579s
⚠️ [CausalForest (Classic)] 超过 300s 无新日志，可能在底层库长时间计算（如 forest fit），请继续观察。
⏱ [CausalForest (Classic)] 仍在运行... 2026-02-25 07:35:55 | pid=1835496 | cpu/mem/etime=120 0.2 14:00 | log_stale=639s
⚠️ [CausalForest (Classic)] 超过 300s 无新日志，可能在底层库长时间计算（如 forest fit），请继续观察。
⏱ [CausalForest (Classic)] 仍在运行... 2026-02-25 07:36:55 | pid=1835496 | cpu/mem/etime=120 0.2 15:00 | log_stale=699s
⚠️ [CausalForest (Classic)] 超过 300s 无新日志，可能在底层库长时间计算（如 forest fit），请继续观察。
⏱ [CausalForest (Classic)] 仍在运行... 2026-02-25 07:37:55 | pid=1835496 | cpu/mem/etime=119 0.2 16:00 | log_stale=759s
⚠️ [CausalForest (Classic)] 超过 300s 无新日志，可能在底层库长时间计算（如 forest fit），请继续观察。
⏱ [CausalForest (Classic)] 仍在运行... 2026-02-25 07:38:55 | pid=1835496 | cpu/mem/etime=119 0.2 17:00 | log_stale=819s
⚠️ [CausalForest (Classic)] 超过 300s 无新日志，可能在底层库长时间计算（如 forest fit），请继续观察。
⏱ [CausalForest (Classic)] 仍在运行... 2026-02-25 07:39:55 | pid=1835496 | cpu/mem/etime=118 0.2 18:00 | log_stale=879s
⚠️ [CausalForest (Classic)] 超过 300s 无新日志，可能在底层库长时间计算（如 forest fit），请继续观察。
⏱ [CausalForest (Classic)] 仍在运行... 2026-02-25 07:40:55 | pid=1835496 | cpu/mem/etime=118 0.2 19:00 | log_stale=939s
⚠️ [CausalForest (Classic)] 超过 300s 无新日志，可能在底层库长时间计算（如 forest fit），请继续观察。
⏱ [CausalForest (Classic)] 仍在运行... 2026-02-25 07:41:55 | pid=1835496 | cpu/mem/etime=118 0.2 20:00 | log_stale=999s
⚠️ [CausalForest (Classic)] 超过 300s 无新日志，可能在底层库长时间计算（如 forest fit），请继续观察。
⏱ [CausalForest (Classic)] 仍在运行... 2026-02-25 07:42:55 | pid=1835496 | cpu/mem/etime=117 0.2 21:00 | log_stale=1059s
⚠️ [CausalForest (Classic)] 超过 300s 无新日志，可能在底层库长时间计算（如 forest fit），请继续观察。
⏱ [CausalForest (Classic)] 仍在运行... 2026-02-25 07:43:55 | pid=1835496 | cpu/mem/etime=117 0.2 22:00 | log_stale=1119s
⚠️ [CausalForest (Classic)] 超过 300s 无新日志，可能在底层库长时间计算（如 forest fit），请继续观察。
⏱ [CausalForest (Classic)] 仍在运行... 2026-02-25 07:44:55 | pid=1835496 | cpu/mem/etime=117 0.2 23:00 | log_stale=1179s
⚠️ [CausalForest (Classic)] 超过 300s 无新日志，可能在底层库长时间计算（如 forest fit），请继续观察。
⏱ [CausalForest (Classic)] 仍在运行... 2026-02-25 07:45:55 | pid=1835496 | cpu/mem/etime=117 0.2 24:00 | log_stale=1239s
⚠️ [CausalForest (Classic)] 超过 300s 无新日志，可能在底层库长时间计算（如 forest fit），请继续观察。
⏱ [CausalForest (Classic)] 仍在运行... 2026-02-25 07:46:55 | pid=1835496 | cpu/mem/etime=116 0.2 25:00 | log_stale=1299s
⚠️ [CausalForest (Classic)] 超过 300s 无新日志，可能在底层库长时间计算（如 forest fit），请继续观察。
⏱ [CausalForest (Classic)] 仍在运行... 2026-02-25 07:47:55 | pid=1835496 | cpu/mem/etime=116 0.2 26:00 | log_stale=1359s
⚠️ [CausalForest (Classic)] 超过 300s 无新日志，可能在底层库长时间计算（如 forest fit），请继续观察。
⏱ [CausalForest (Classic)] 仍在运行... 2026-02-25 07:48:55 | pid=1835496 | cpu/mem/etime=116 0.2 27:00 | log_stale=1419s
⚠️ [CausalForest (Classic)] 超过 300s 无新日志，可能在底层库长时间计算（如 forest fit），请继续观察。
⏱ [CausalForest (Classic)] 仍在运行... 2026-02-25 07:49:55 | pid=1835496 | cpu/mem/etime=116 0.2 28:00 | log_stale=1479s
⚠️ [CausalForest (Classic)] 超过 300s 无新日志，可能在底层库长时间计算（如 forest fit），请继续观察。
⏱ [CausalForest (Classic)] 仍在运行... 2026-02-25 07:50:55 | pid=1835496 | cpu/mem/etime=116 0.2 29:00 | log_stale=1539s
⚠️ [CausalForest (Classic)] 超过 300s 无新日志，可能在底层库长时间计算（如 forest fit），请继续观察。
⏱ [CausalForest (Classic)] 仍在运行... 2026-02-25 07:51:55 | pid=1835496 | cpu/mem/etime=116 0.2 30:00 | log_stale=1599s
⚠️ [CausalForest (Classic)] 超过 300s 无新日志，可能在底层库长时间计算（如 forest fit），请继续观察。
⏱ [CausalForest (Classic)] 仍在运行... 2026-02-25 07:52:55 | pid=1835496 | cpu/mem/etime=115 0.2 31:00 | log_stale=1659s
⚠️ [CausalForest (Classic)] 超过 300s 无新日志，可能在底层库长时间计算（如 forest fit），请继续观察。
⏱ [CausalForest (Classic)] 仍在运行... 2026-02-25 07:53:55 | pid=1835496 | cpu/mem/etime=115 0.2 32:00 | log_stale=1719s
⚠️ [CausalForest (Classic)] 超过 300s 无新日志，可能在底层库长时间计算（如 forest fit），请继续观察。
⏱ [CausalForest (Classic)] 仍在运行... 2026-02-25 07:54:55 | pid=1835496 | cpu/mem/etime=115 0.2 33:01 | log_stale=1779s
⚠️ [CausalForest (Classic)] 超过 300s 无新日志，可能在底层库长时间计算（如 forest fit），请继续观察。
⏱ [CausalForest (Classic)] 仍在运行... 2026-02-25 07:55:55 | pid=1835496 | cpu/mem/etime=115 0.2 34:01 | log_stale=1839s
⚠️ [CausalForest (Classic)] 超过 300s 无新日志，可能在底层库长时间计算（如 forest fit），请继续观察。
⏱ [CausalForest (Classic)] 仍在运行... 2026-02-25 07:56:55 | pid=1835496 | cpu/mem/etime=115 0.2 35:01 | log_stale=1899s
⚠️ [CausalForest (Classic)] 超过 300s 无新日志，可能在底层库长时间计算（如 forest fit），请继续观察。
⏱ [CausalForest (Classic)] 仍在运行... 2026-02-25 07:57:55 | pid=1835496 | cpu/mem/etime=115 0.2 36:01 | log_stale=1959s
⚠️ [CausalForest (Classic)] 超过 300s 无新日志，可能在底层库长时间计算（如 forest fit），请继续观察。
⏱ [CausalForest (Classic)] 仍在运行... 2026-02-25 07:58:55 | pid=1835496 | cpu/mem/etime=115 0.2 37:01 | log_stale=2019s
⚠️ [CausalForest (Classic)] 超过 300s 无新日志，可能在底层库长时间计算（如 forest fit），请继续观察。
⏱ [CausalForest (Classic)] 仍在运行... 2026-02-25 07:59:55 | pid=1835496 | cpu/mem/etime=115 0.2 38:01 | log_stale=2079s
⚠️ [CausalForest (Classic)] 超过 300s 无新日志，可能在底层库长时间计算（如 forest fit），请继续观察。
⏱ [CausalForest (Classic)] 仍在运行... 2026-02-25 08:00:55 | pid=1835496 | cpu/mem/etime=115 0.2 39:01 | log_stale=2139s
⚠️ [CausalForest (Classic)] 超过 300s 无新日志，可能在底层库长时间计算（如 forest fit），请继续观察。
⏱ [CausalForest (Classic)] 仍在运行... 2026-02-25 08:01:55 | pid=1835496 | cpu/mem/etime=114 0.2 40:01 | log_stale=2199s
⚠️ [CausalForest (Classic)] 超过 300s 无新日志，可能在底层库长时间计算（如 forest fit），请继续观察。
⏱ [CausalForest (Classic)] 仍在运行... 2026-02-25 08:02:55 | pid=1835496 | cpu/mem/etime=114 0.2 41:01 | log_stale=2259s
⚠️ [CausalForest (Classic)] 超过 300s 无新日志，可能在底层库长时间计算（如 forest fit），请继续观察。
⏱ [CausalForest (Classic)] 仍在运行... 2026-02-25 08:03:55 | pid=1835496 | cpu/mem/etime=114 0.2 42:01 | log_stale=2319s
⚠️ [CausalForest (Classic)] 超过 300s 无新日志，可能在底层库长时间计算（如 forest fit），请继续观察。
⏱ [CausalForest (Classic)] 仍在运行... 2026-02-25 08:04:55 | pid=1835496 | cpu/mem/etime=114 0.2 43:01 | log_stale=2379s
⚠️ [CausalForest (Classic)] 超过 300s 无新日志，可能在底层库长时间计算（如 forest fit），请继续观察。
⏱ [CausalForest (Classic)] 仍在运行... 2026-02-25 08:05:55 | pid=1835496 | cpu/mem/etime=114 0.2 44:01 | log_stale=2439s
⚠️ [CausalForest (Classic)] 超过 300s 无新日志，可能在底层库长时间计算（如 forest fit），请继续观察。
⏱ [CausalForest (Classic)] 仍在运行... 2026-02-25 08:06:55 | pid=1835496 | cpu/mem/etime=114 0.2 45:01 | log_stale=2499s
⚠️ [CausalForest (Classic)] 超过 300s 无新日志，可能在底层库长时间计算（如 forest fit），请继续观察。
⏱ [CausalForest (Classic)] 仍在运行... 2026-02-25 08:07:55 | pid=1835496 | cpu/mem/etime=114 0.2 46:01 | log_stale=2559s
⚠️ [CausalForest (Classic)] 超过 300s 无新日志，可能在底层库长时间计算（如 forest fit），请继续观察。
⏱ [CausalForest (Classic)] 仍在运行... 2026-02-25 08:08:55 | pid=1835496 | cpu/mem/etime=114 0.2 47:01 | log_stale=2619s
⚠️ [CausalForest (Classic)] 超过 300s 无新日志，可能在底层库长时间计算（如 forest fit），请继续观察。
⏱ [CausalForest (Classic)] 仍在运行... 2026-02-25 08:09:55 | pid=1835496 | cpu/mem/etime=114 0.2 48:01 | log_stale=2679s
⚠️ [CausalForest (Classic)] 超过 300s 无新日志，可能在底层库长时间计算（如 forest fit），请继续观察。
⏱ [CausalForest (Classic)] 仍在运行... 2026-02-25 08:10:56 | pid=1835496 | cpu/mem/etime=114 0.2 49:01 | log_stale=2739s
⚠️ [CausalForest (Classic)] 超过 300s 无新日志，可能在底层库长时间计算（如 forest fit），请继续观察。
⏱ [CausalForest (Classic)] 仍在运行... 2026-02-25 08:11:56 | pid=1835496 | cpu/mem/etime=114 0.2 50:01 | log_stale=2800s
⚠️ [CausalForest (Classic)] 超过 300s 无新日志，可能在底层库长时间计算（如 forest fit），请继续观察。
⏱ [CausalForest (Classic)] 仍在运行... 2026-02-25 08:12:56 | pid=1835496 | cpu/mem/etime=114 0.2 51:01 | log_stale=2860s
⚠️ [CausalForest (Classic)] 超过 300s 无新日志，可能在底层库长时间计算（如 forest fit），请继续观察。
⏱ [CausalForest (Classic)] 仍在运行... 2026-02-25 08:13:56 | pid=1835496 | cpu/mem/etime=114 0.2 52:01 | log_stale=2920s
⚠️ [CausalForest (Classic)] 超过 300s 无新日志，可能在底层库长时间计算（如 forest fit），请继续观察。
⏱ [CausalForest (Classic)] 仍在运行... 2026-02-25 08:14:56 | pid=1835496 | cpu/mem/etime=114 0.2 53:01 | log_stale=2980s
⚠️ [CausalForest (Classic)] 超过 300s 无新日志，可能在底层库长时间计算（如 forest fit），请继续观察。
⏱ [CausalForest (Classic)] 仍在运行... 2026-02-25 08:15:56 | pid=1835496 | cpu/mem/etime=114 0.2 54:01 | log_stale=3040s
⚠️ [CausalForest (Classic)] 超过 300s 无新日志，可能在底层库长时间计算（如 forest fit），请继续观察。
⏱ [CausalForest (Classic)] 仍在运行... 2026-02-25 08:16:56 | pid=1835496 | cpu/mem/etime=114 0.2 55:01 | log_stale=3100s
⚠️ [CausalForest (Classic)] 超过 300s 无新日志，可能在底层库长时间计算（如 forest fit），请继续观察。
⏱ [CausalForest (Classic)] 仍在运行... 2026-02-25 08:17:56 | pid=1835496 | cpu/mem/etime=129 0.3 56:01 | log_stale=26s
⏱ [CausalForest (Classic)] 仍在运行... 2026-02-25 08:18:56 | pid=1835496 | cpu/mem/etime=129 0.3 57:01 | log_stale=86s
⏱ [CausalForest (Classic)] 仍在运行... 2026-02-25 08:19:56 | pid=1835496 | cpu/mem/etime=129 0.3 58:01 | log_stale=5s
⏱ [CausalForest (Classic)] 仍在运行... 2026-02-25 08:20:56 | pid=1835496 | cpu/mem/etime=129 0.3 59:01 | log_stale=65s
⏱ [CausalForest (Classic)] 仍在运行... 2026-02-25 08:21:56 | pid=1835496 | cpu/mem/etime=129 0.3 01:00:01 | log_stale=125s
⏱ [CausalForest (Classic)] 仍在运行... 2026-02-25 08:22:56 | pid=1835496 | cpu/mem/etime=129 0.3 01:01:01 | log_stale=185s
⏱ [CausalForest (Classic)] 仍在运行... 2026-02-25 08:23:56 | pid=1835496 | cpu/mem/etime=128 0.3 01:02:01 | log_stale=245s
⏱ [CausalForest (Classic)] 仍在运行... 2026-02-25 08:24:56 | pid=1835496 | cpu/mem/etime=128 0.3 01:03:01 | log_stale=305s
⚠️ [CausalForest (Classic)] 超过 300s 无新日志，可能在底层库长时间计算（如 forest fit），请继续观察。
⏱ [CausalForest (Classic)] 仍在运行... 2026-02-25 08:25:56 | pid=1835496 | cpu/mem/etime=128 0.3 01:04:01 | log_stale=365s
⚠️ [CausalForest (Classic)] 超过 300s 无新日志，可能在底层库长时间计算（如 forest fit），请继续观察。
⏱ [CausalForest (Classic)] 仍在运行... 2026-02-25 08:26:56 | pid=1835496 | cpu/mem/etime=127 0.3 01:05:01 | log_stale=425s
⚠️ [CausalForest (Classic)] 超过 300s 无新日志，可能在底层库长时间计算（如 forest fit），请继续观察。
⏱ [CausalForest (Classic)] 仍在运行... 2026-02-25 08:27:56 | pid=1835496 | cpu/mem/etime=127 0.3 01:06:01 | log_stale=485s
⚠️ [CausalForest (Classic)] 超过 300s 无新日志，可能在底层库长时间计算（如 forest fit），请继续观察。
⏱ [CausalForest (Classic)] 仍在运行... 2026-02-25 08:28:56 | pid=1835496 | cpu/mem/etime=127 0.3 01:07:01 | log_stale=545s
⚠️ [CausalForest (Classic)] 超过 300s 无新日志，可能在底层库长时间计算（如 forest fit），请继续观察。
⏱ [CausalForest (Classic)] 仍在运行... 2026-02-25 08:29:56 | pid=1835496 | cpu/mem/etime=127 0.3 01:08:01 | log_stale=605s
⚠️ [CausalForest (Classic)] 超过 300s 无新日志，可能在底层库长时间计算（如 forest fit），请继续观察。
⏱ [CausalForest (Classic)] 仍在运行... 2026-02-25 08:30:56 | pid=1835496 | cpu/mem/etime=127 0.3 01:09:01 | log_stale=665s
⚠️ [CausalForest (Classic)] 超过 300s 无新日志，可能在底层库长时间计算（如 forest fit），请继续观察。
⏱ [CausalForest (Classic)] 仍在运行... 2026-02-25 08:31:56 | pid=1835496 | cpu/mem/etime=126 0.3 01:10:01 | log_stale=725s
⚠️ [CausalForest (Classic)] 超过 300s 无新日志，可能在底层库长时间计算（如 forest fit），请继续观察。
⏱ [CausalForest (Classic)] 仍在运行... 2026-02-25 08:32:56 | pid=1835496 | cpu/mem/etime=126 0.3 01:11:01 | log_stale=785s
⚠️ [CausalForest (Classic)] 超过 300s 无新日志，可能在底层库长时间计算（如 forest fit），请继续观察。
⏱ [CausalForest (Classic)] 仍在运行... 2026-02-25 08:33:56 | pid=1835496 | cpu/mem/etime=126 0.3 01:12:01 | log_stale=845s
⚠️ [CausalForest (Classic)] 超过 300s 无新日志，可能在底层库长时间计算（如 forest fit），请继续观察。
⏱ [CausalForest (Classic)] 仍在运行... 2026-02-25 08:34:56 | pid=1835496 | cpu/mem/etime=126 0.3 01:13:01 | log_stale=905s
⚠️ [CausalForest (Classic)] 超过 300s 无新日志，可能在底层库长时间计算（如 forest fit），请继续观察。
⏱ [CausalForest (Classic)] 仍在运行... 2026-02-25 08:35:56 | pid=1835496 | cpu/mem/etime=126 0.3 01:14:01 | log_stale=965s
⚠️ [CausalForest (Classic)] 超过 300s 无新日志，可能在底层库长时间计算（如 forest fit），请继续观察。
⏱ [CausalForest (Classic)] 仍在运行... 2026-02-25 08:36:56 | pid=1835496 | cpu/mem/etime=125 0.3 01:15:01 | log_stale=1025s
⚠️ [CausalForest (Classic)] 超过 300s 无新日志，可能在底层库长时间计算（如 forest fit），请继续观察。
⏱ [CausalForest (Classic)] 仍在运行... 2026-02-25 08:37:56 | pid=1835496 | cpu/mem/etime=125 0.3 01:16:01 | log_stale=1085s
⚠️ [CausalForest (Classic)] 超过 300s 无新日志，可能在底层库长时间计算（如 forest fit），请继续观察。
⏱ [CausalForest (Classic)] 仍在运行... 2026-02-25 08:38:56 | pid=1835496 | cpu/mem/etime=125 0.3 01:17:01 | log_stale=1145s
⚠️ [CausalForest (Classic)] 超过 300s 无新日志，可能在底层库长时间计算（如 forest fit），请继续观察。
⏱ [CausalForest (Classic)] 仍在运行... 2026-02-25 08:39:56 | pid=1835496 | cpu/mem/etime=125 0.3 01:18:01 | log_stale=1205s
⚠️ [CausalForest (Classic)] 超过 300s 无新日志，可能在底层库长时间计算（如 forest fit），请继续观察。
⏱ [CausalForest (Classic)] 仍在运行... 2026-02-25 08:40:56 | pid=1835496 | cpu/mem/etime=125 0.3 01:19:01 | log_stale=1265s
⚠️ [CausalForest (Classic)] 超过 300s 无新日志，可能在底层库长时间计算（如 forest fit），请继续观察。
⏱ [CausalForest (Classic)] 仍在运行... 2026-02-25 08:41:56 | pid=1835496 | cpu/mem/etime=124 0.3 01:20:02 | log_stale=1325s
⚠️ [CausalForest (Classic)] 超过 300s 无新日志，可能在底层库长时间计算（如 forest fit），请继续观察。
⏱ [CausalForest (Classic)] 仍在运行... 2026-02-25 08:42:56 | pid=1835496 | cpu/mem/etime=124 0.3 01:21:02 | log_stale=1385s
⚠️ [CausalForest (Classic)] 超过 300s 无新日志，可能在底层库长时间计算（如 forest fit），请继续观察。
⏱ [CausalForest (Classic)] 仍在运行... 2026-02-25 08:43:56 | pid=1835496 | cpu/mem/etime=124 0.3 01:22:02 | log_stale=1445s
⚠️ [CausalForest (Classic)] 超过 300s 无新日志，可能在底层库长时间计算（如 forest fit），请继续观察。
⏱ [CausalForest (Classic)] 仍在运行... 2026-02-25 08:44:56 | pid=1835496 | cpu/mem/etime=124 0.3 01:23:02 | log_stale=1505s
⚠️ [CausalForest (Classic)] 超过 300s 无新日志，可能在底层库长时间计算（如 forest fit），请继续观察。
⏱ [CausalForest (Classic)] 仍在运行... 2026-02-25 08:45:56 | pid=1835496 | cpu/mem/etime=124 0.3 01:24:02 | log_stale=1565s
⚠️ [CausalForest (Classic)] 超过 300s 无新日志，可能在底层库长时间计算（如 forest fit），请继续观察。
⏱ [CausalForest (Classic)] 仍在运行... 2026-02-25 08:46:56 | pid=1835496 | cpu/mem/etime=124 0.3 01:25:02 | log_stale=1625s
⚠️ [CausalForest (Classic)] 超过 300s 无新日志，可能在底层库长时间计算（如 forest fit），请继续观察。
⏱ [CausalForest (Classic)] 仍在运行... 2026-02-25 08:47:56 | pid=1835496 | cpu/mem/etime=124 0.3 01:26:02 | log_stale=1685s
⚠️ [CausalForest (Classic)] 超过 300s 无新日志，可能在底层库长时间计算（如 forest fit），请继续观察。
⏱ [CausalForest (Classic)] 仍在运行... 2026-02-25 08:48:56 | pid=1835496 | cpu/mem/etime=123 0.3 01:27:02 | log_stale=1745s
⚠️ [CausalForest (Classic)] 超过 300s 无新日志，可能在底层库长时间计算（如 forest fit），请继续观察。
⏱ [CausalForest (Classic)] 仍在运行... 2026-02-25 08:49:56 | pid=1835496 | cpu/mem/etime=123 0.3 01:28:02 | log_stale=1805s
⚠️ [CausalForest (Classic)] 超过 300s 无新日志，可能在底层库长时间计算（如 forest fit），请继续观察。
⏱ [CausalForest (Classic)] 仍在运行... 2026-02-25 08:50:56 | pid=1835496 | cpu/mem/etime=123 0.3 01:29:02 | log_stale=1865s
⚠️ [CausalForest (Classic)] 超过 300s 无新日志，可能在底层库长时间计算（如 forest fit），请继续观察。
⏱ [CausalForest (Classic)] 仍在运行... 2026-02-25 08:51:56 | pid=1835496 | cpu/mem/etime=123 0.3 01:30:02 | log_stale=1925s
⚠️ [CausalForest (Classic)] 超过 300s 无新日志，可能在底层库长时间计算（如 forest fit），请继续观察。
⏱ [CausalForest (Classic)] 仍在运行... 2026-02-25 08:52:56 | pid=1835496 | cpu/mem/etime=123 0.3 01:31:02 | log_stale=1985s
⚠️ [CausalForest (Classic)] 超过 300s 无新日志，可能在底层库长时间计算（如 forest fit），请继续观察。
⏱ [CausalForest (Classic)] 仍在运行... 2026-02-25 08:53:56 | pid=1835496 | cpu/mem/etime=123 0.3 01:32:02 | log_stale=2045s
⚠️ [CausalForest (Classic)] 超过 300s 无新日志，可能在底层库长时间计算（如 forest fit），请继续观察。
⏱ [CausalForest (Classic)] 仍在运行... 2026-02-25 08:54:56 | pid=1835496 | cpu/mem/etime=123 0.3 01:33:02 | log_stale=2105s
⚠️ [CausalForest (Classic)] 超过 300s 无新日志，可能在底层库长时间计算（如 forest fit），请继续观察。
⏱ [CausalForest (Classic)] 仍在运行... 2026-02-25 08:55:56 | pid=1835496 | cpu/mem/etime=123 0.3 01:34:02 | log_stale=2165s
⚠️ [CausalForest (Classic)] 超过 300s 无新日志，可能在底层库长时间计算（如 forest fit），请继续观察。
⏱ [CausalForest (Classic)] 仍在运行... 2026-02-25 08:56:56 | pid=1835496 | cpu/mem/etime=122 0.3 01:35:02 | log_stale=2225s
⚠️ [CausalForest (Classic)] 超过 300s 无新日志，可能在底层库长时间计算（如 forest fit），请继续观察。
⏱ [CausalForest (Classic)] 仍在运行... 2026-02-25 08:57:57 | pid=1835496 | cpu/mem/etime=122 0.3 01:36:02 | log_stale=2285s
⚠️ [CausalForest (Classic)] 超过 300s 无新日志，可能在底层库长时间计算（如 forest fit），请继续观察。
⏱ [CausalForest (Classic)] 仍在运行... 2026-02-25 08:58:57 | pid=1835496 | cpu/mem/etime=122 0.3 01:37:02 | log_stale=2346s
⚠️ [CausalForest (Classic)] 超过 300s 无新日志，可能在底层库长时间计算（如 forest fit），请继续观察。
⏱ [CausalForest (Classic)] 仍在运行... 2026-02-25 08:59:57 | pid=1835496 | cpu/mem/etime=122 0.3 01:38:02 | log_stale=2406s
⚠️ [CausalForest (Classic)] 超过 300s 无新日志，可能在底层库长时间计算（如 forest fit），请继续观察。
⏱ [CausalForest (Classic)] 仍在运行... 2026-02-25 09:00:57 | pid=1835496 | cpu/mem/etime=122 0.3 01:39:02 | log_stale=2466s
⚠️ [CausalForest (Classic)] 超过 300s 无新日志，可能在底层库长时间计算（如 forest fit），请继续观察。
⏱ [CausalForest (Classic)] 仍在运行... 2026-02-25 09:01:57 | pid=1835496 | cpu/mem/etime=122 0.3 01:40:02 | log_stale=2526s
⚠️ [CausalForest (Classic)] 超过 300s 无新日志，可能在底层库长时间计算（如 forest fit），请继续观察。
⏱ [CausalForest (Classic)] 仍在运行... 2026-02-25 09:02:57 | pid=1835496 | cpu/mem/etime=122 0.3 01:41:02 | log_stale=2586s
⚠️ [CausalForest (Classic)] 超过 300s 无新日志，可能在底层库长时间计算（如 forest fit），请继续观察。
⏱ [CausalForest (Classic)] 仍在运行... 2026-02-25 09:03:57 | pid=1835496 | cpu/mem/etime=122 0.3 01:42:02 | log_stale=2646s
⚠️ [CausalForest (Classic)] 超过 300s 无新日志，可能在底层库长时间计算（如 forest fit），请继续观察。
⏱ [CausalForest (Classic)] 仍在运行... 2026-02-25 09:04:57 | pid=1835496 | cpu/mem/etime=122 0.3 01:43:02 | log_stale=2706s
⚠️ [CausalForest (Classic)] 超过 300s 无新日志，可能在底层库长时间计算（如 forest fit），请继续观察。
⏱ [CausalForest (Classic)] 仍在运行... 2026-02-25 09:05:57 | pid=1835496 | cpu/mem/etime=121 0.3 01:44:02 | log_stale=2766s
⚠️ [CausalForest (Classic)] 超过 300s 无新日志，可能在底层库长时间计算（如 forest fit），请继续观察。
⏱ [CausalForest (Classic)] 仍在运行... 2026-02-25 09:06:57 | pid=1835496 | cpu/mem/etime=121 0.3 01:45:02 | log_stale=2826s
⚠️ [CausalForest (Classic)] 超过 300s 无新日志，可能在底层库长时间计算（如 forest fit），请继续观察。
⏱ [CausalForest (Classic)] 仍在运行... 2026-02-25 09:07:57 | pid=1835496 | cpu/mem/etime=121 0.3 01:46:02 | log_stale=2886s
⚠️ [CausalForest (Classic)] 超过 300s 无新日志，可能在底层库长时间计算（如 forest fit），请继续观察。
⏱ [CausalForest (Classic)] 仍在运行... 2026-02-25 09:08:57 | pid=1835496 | cpu/mem/etime=121 0.3 01:47:02 | log_stale=2946s
⚠️ [CausalForest (Classic)] 超过 300s 无新日志，可能在底层库长时间计算（如 forest fit），请继续观察。
⏱ [CausalForest (Classic)] 仍在运行... 2026-02-25 09:09:57 | pid=1835496 | cpu/mem/etime=121 0.3 01:48:02 | log_stale=3006s
⚠️ [CausalForest (Classic)] 超过 300s 无新日志，可能在底层库长时间计算（如 forest fit），请继续观察。
⏱ [CausalForest (Classic)] 仍在运行... 2026-02-25 09:10:57 | pid=1835496 | cpu/mem/etime=121 0.3 01:49:02 | log_stale=3066s
⚠️ [CausalForest (Classic)] 超过 300s 无新日志，可能在底层库长时间计算（如 forest fit），请继续观察。
⏱ [CausalForest (Classic)] 仍在运行... 2026-02-25 09:11:57 | pid=1835496 | cpu/mem/etime=121 0.3 01:50:02 | log_stale=3126s
⚠️ [CausalForest (Classic)] 超过 300s 无新日志，可能在底层库长时间计算（如 forest fit），请继续观察。
⏱ [CausalForest (Classic)] 仍在运行... 2026-02-25 09:12:57 | pid=1835496 | cpu/mem/etime=128 0.3 01:51:02 | log_stale=38s
⏱ [CausalForest (Classic)] 仍在运行... 2026-02-25 09:13:57 | pid=1835496 | cpu/mem/etime=128 0.3 01:52:02 | log_stale=98s
⏱ [CausalForest (Classic)] 仍在运行... 2026-02-25 09:14:57 | pid=1835496 | cpu/mem/etime=128 0.3 01:53:02 | log_stale=13s
⏱ [CausalForest (Classic)] 仍在运行... 2026-02-25 09:15:57 | pid=1835496 | cpu/mem/etime=128 0.3 01:54:02 | log_stale=73s
⏱ [CausalForest (Classic)] 仍在运行... 2026-02-25 09:16:57 | pid=1835496 | cpu/mem/etime=128 0.3 01:55:02 | log_stale=133s
⏱ [CausalForest (Classic)] 仍在运行... 2026-02-25 09:17:57 | pid=1835496 | cpu/mem/etime=128 0.3 01:56:02 | log_stale=193s
⏱ [CausalForest (Classic)] 仍在运行... 2026-02-25 09:18:57 | pid=1835496 | cpu/mem/etime=128 0.3 01:57:02 | log_stale=253s
⏱ [CausalForest (Classic)] 仍在运行... 2026-02-25 09:19:57 | pid=1835496 | cpu/mem/etime=128 0.3 01:58:02 | log_stale=313s
⚠️ [CausalForest (Classic)] 超过 300s 无新日志，可能在底层库长时间计算（如 forest fit），请继续观察。
⏱ [CausalForest (Classic)] 仍在运行... 2026-02-25 09:20:57 | pid=1835496 | cpu/mem/etime=127 0.3 01:59:02 | log_stale=373s
⚠️ [CausalForest (Classic)] 超过 300s 无新日志，可能在底层库长时间计算（如 forest fit），请继续观察。
⏱ [CausalForest (Classic)] 仍在运行... 2026-02-25 09:21:57 | pid=1835496 | cpu/mem/etime=127 0.3 02:00:02 | log_stale=433s
⚠️ [CausalForest (Classic)] 超过 300s 无新日志，可能在底层库长时间计算（如 forest fit），请继续观察。
⏱ [CausalForest (Classic)] 仍在运行... 2026-02-25 09:22:57 | pid=1835496 | cpu/mem/etime=127 0.3 02:01:02 | log_stale=493s
⚠️ [CausalForest (Classic)] 超过 300s 无新日志，可能在底层库长时间计算（如 forest fit），请继续观察。
⏱ [CausalForest (Classic)] 仍在运行... 2026-02-25 09:23:57 | pid=1835496 | cpu/mem/etime=127 0.3 02:02:02 | log_stale=553s
⚠️ [CausalForest (Classic)] 超过 300s 无新日志，可能在底层库长时间计算（如 forest fit），请继续观察。
⏱ [CausalForest (Classic)] 仍在运行... 2026-02-25 09:24:57 | pid=1835496 | cpu/mem/etime=127 0.3 02:03:02 | log_stale=613s
⚠️ [CausalForest (Classic)] 超过 300s 无新日志，可能在底层库长时间计算（如 forest fit），请继续观察。
⏱ [CausalForest (Classic)] 仍在运行... 2026-02-25 09:25:57 | pid=1835496 | cpu/mem/etime=127 0.3 02:04:02 | log_stale=673s
⚠️ [CausalForest (Classic)] 超过 300s 无新日志，可能在底层库长时间计算（如 forest fit），请继续观察。
⏱ [CausalForest (Classic)] 仍在运行... 2026-02-25 09:26:57 | pid=1835496 | cpu/mem/etime=127 0.3 02:05:02 | log_stale=733s
⚠️ [CausalForest (Classic)] 超过 300s 无新日志，可能在底层库长时间计算（如 forest fit），请继续观察。
⏱ [CausalForest (Classic)] 仍在运行... 2026-02-25 09:27:57 | pid=1835496 | cpu/mem/etime=126 0.3 02:06:02 | log_stale=793s
⚠️ [CausalForest (Classic)] 超过 300s 无新日志，可能在底层库长时间计算（如 forest fit），请继续观察。
⏱ [CausalForest (Classic)] 仍在运行... 2026-02-25 09:28:57 | pid=1835496 | cpu/mem/etime=126 0.3 02:07:03 | log_stale=853s
⚠️ [CausalForest (Classic)] 超过 300s 无新日志，可能在底层库长时间计算（如 forest fit），请继续观察。
⏱ [CausalForest (Classic)] 仍在运行... 2026-02-25 09:29:57 | pid=1835496 | cpu/mem/etime=126 0.3 02:08:03 | log_stale=913s
⚠️ [CausalForest (Classic)] 超过 300s 无新日志，可能在底层库长时间计算（如 forest fit），请继续观察。
⏱ [CausalForest (Classic)] 仍在运行... 2026-02-25 09:30:57 | pid=1835496 | cpu/mem/etime=126 0.3 02:09:03 | log_stale=973s
⚠️ [CausalForest (Classic)] 超过 300s 无新日志，可能在底层库长时间计算（如 forest fit），请继续观察。
⏱ [CausalForest (Classic)] 仍在运行... 2026-02-25 09:31:57 | pid=1835496 | cpu/mem/etime=126 0.3 02:10:03 | log_stale=1033s
⚠️ [CausalForest (Classic)] 超过 300s 无新日志，可能在底层库长时间计算（如 forest fit），请继续观察。
⏱ [CausalForest (Classic)] 仍在运行... 2026-02-25 09:32:57 | pid=1835496 | cpu/mem/etime=126 0.3 02:11:03 | log_stale=1093s
⚠️ [CausalForest (Classic)] 超过 300s 无新日志，可能在底层库长时间计算（如 forest fit），请继续观察。
⏱ [CausalForest (Classic)] 仍在运行... 2026-02-25 09:33:57 | pid=1835496 | cpu/mem/etime=126 0.3 02:12:03 | log_stale=1153s
⚠️ [CausalForest (Classic)] 超过 300s 无新日志，可能在底层库长时间计算（如 forest fit），请继续观察。
⏱ [CausalForest (Classic)] 仍在运行... 2026-02-25 09:34:57 | pid=1835496 | cpu/mem/etime=126 0.3 02:13:03 | log_stale=1213s
⚠️ [CausalForest (Classic)] 超过 300s 无新日志，可能在底层库长时间计算（如 forest fit），请继续观察。
⏱ [CausalForest (Classic)] 仍在运行... 2026-02-25 09:35:57 | pid=1835496 | cpu/mem/etime=126 0.3 02:14:03 | log_stale=1273s
⚠️ [CausalForest (Classic)] 超过 300s 无新日志，可能在底层库长时间计算（如 forest fit），请继续观察。
⏱ [CausalForest (Classic)] 仍在运行... 2026-02-25 09:36:57 | pid=1835496 | cpu/mem/etime=125 0.3 02:15:03 | log_stale=1333s
⚠️ [CausalForest (Classic)] 超过 300s 无新日志，可能在底层库长时间计算（如 forest fit），请继续观察。
⏱ [CausalForest (Classic)] 仍在运行... 2026-02-25 09:37:57 | pid=1835496 | cpu/mem/etime=125 0.3 02:16:03 | log_stale=1393s
⚠️ [CausalForest (Classic)] 超过 300s 无新日志，可能在底层库长时间计算（如 forest fit），请继续观察。
⏱ [CausalForest (Classic)] 仍在运行... 2026-02-25 09:38:57 | pid=1835496 | cpu/mem/etime=125 0.3 02:17:03 | log_stale=1453s
⚠️ [CausalForest (Classic)] 超过 300s 无新日志，可能在底层库长时间计算（如 forest fit），请继续观察。
⏱ [CausalForest (Classic)] 仍在运行... 2026-02-25 09:39:57 | pid=1835496 | cpu/mem/etime=125 0.3 02:18:03 | log_stale=1513s
⚠️ [CausalForest (Classic)] 超过 300s 无新日志，可能在底层库长时间计算（如 forest fit），请继续观察。
⏱ [CausalForest (Classic)] 仍在运行... 2026-02-25 09:40:57 | pid=1835496 | cpu/mem/etime=125 0.3 02:19:03 | log_stale=1573s
⚠️ [CausalForest (Classic)] 超过 300s 无新日志，可能在底层库长时间计算（如 forest fit），请继续观察。
⏱ [CausalForest (Classic)] 仍在运行... 2026-02-25 09:41:57 | pid=1835496 | cpu/mem/etime=125 0.3 02:20:03 | log_stale=1633s
⚠️ [CausalForest (Classic)] 超过 300s 无新日志，可能在底层库长时间计算（如 forest fit），请继续观察。
⏱ [CausalForest (Classic)] 仍在运行... 2026-02-25 09:42:57 | pid=1835496 | cpu/mem/etime=125 0.3 02:21:03 | log_stale=1693s
⚠️ [CausalForest (Classic)] 超过 300s 无新日志，可能在底层库长时间计算（如 forest fit），请继续观察。
⏱ [CausalForest (Classic)] 仍在运行... 2026-02-25 09:43:57 | pid=1835496 | cpu/mem/etime=125 0.3 02:22:03 | log_stale=1753s
⚠️ [CausalForest (Classic)] 超过 300s 无新日志，可能在底层库长时间计算（如 forest fit），请继续观察。
⏱ [CausalForest (Classic)] 仍在运行... 2026-02-25 09:44:57 | pid=1835496 | cpu/mem/etime=125 0.3 02:23:03 | log_stale=1813s
⚠️ [CausalForest (Classic)] 超过 300s 无新日志，可能在底层库长时间计算（如 forest fit），请继续观察。
⏱ [CausalForest (Classic)] 仍在运行... 2026-02-25 09:45:58 | pid=1835496 | cpu/mem/etime=125 0.3 02:24:03 | log_stale=1874s
⚠️ [CausalForest (Classic)] 超过 300s 无新日志，可能在底层库长时间计算（如 forest fit），请继续观察。
⏱ [CausalForest (Classic)] 仍在运行... 2026-02-25 09:46:58 | pid=1835496 | cpu/mem/etime=125 0.3 02:25:03 | log_stale=1934s
⚠️ [CausalForest (Classic)] 超过 300s 无新日志，可能在底层库长时间计算（如 forest fit），请继续观察。
⏱ [CausalForest (Classic)] 仍在运行... 2026-02-25 09:47:58 | pid=1835496 | cpu/mem/etime=124 0.3 02:26:03 | log_stale=1994s
⚠️ [CausalForest (Classic)] 超过 300s 无新日志，可能在底层库长时间计算（如 forest fit），请继续观察。
⏱ [CausalForest (Classic)] 仍在运行... 2026-02-25 09:48:58 | pid=1835496 | cpu/mem/etime=124 0.3 02:27:03 | log_stale=2054s
⚠️ [CausalForest (Classic)] 超过 300s 无新日志，可能在底层库长时间计算（如 forest fit），请继续观察。
⏱ [CausalForest (Classic)] 仍在运行... 2026-02-25 09:49:58 | pid=1835496 | cpu/mem/etime=124 0.3 02:28:03 | log_stale=2114s
⚠️ [CausalForest (Classic)] 超过 300s 无新日志，可能在底层库长时间计算（如 forest fit），请继续观察。
⏱ [CausalForest (Classic)] 仍在运行... 2026-02-25 09:50:58 | pid=1835496 | cpu/mem/etime=124 0.3 02:29:03 | log_stale=2174s
⚠️ [CausalForest (Classic)] 超过 300s 无新日志，可能在底层库长时间计算（如 forest fit），请继续观察。
⏱ [CausalForest (Classic)] 仍在运行... 2026-02-25 09:51:58 | pid=1835496 | cpu/mem/etime=124 0.3 02:30:03 | log_stale=2234s
⚠️ [CausalForest (Classic)] 超过 300s 无新日志，可能在底层库长时间计算（如 forest fit），请继续观察。
⏱ [CausalForest (Classic)] 仍在运行... 2026-02-25 09:52:58 | pid=1835496 | cpu/mem/etime=124 0.3 02:31:03 | log_stale=2294s
⚠️ [CausalForest (Classic)] 超过 300s 无新日志，可能在底层库长时间计算（如 forest fit），请继续观察。
⏱ [CausalForest (Classic)] 仍在运行... 2026-02-25 09:53:58 | pid=1835496 | cpu/mem/etime=124 0.3 02:32:03 | log_stale=2354s
⚠️ [CausalForest (Classic)] 超过 300s 无新日志，可能在底层库长时间计算（如 forest fit），请继续观察。
⏱ [CausalForest (Classic)] 仍在运行... 2026-02-25 09:54:58 | pid=1835496 | cpu/mem/etime=124 0.3 02:33:03 | log_stale=2414s
⚠️ [CausalForest (Classic)] 超过 300s 无新日志，可能在底层库长时间计算（如 forest fit），请继续观察。
⏱ [CausalForest (Classic)] 仍在运行... 2026-02-25 09:55:58 | pid=1835496 | cpu/mem/etime=124 0.3 02:34:03 | log_stale=2474s
⚠️ [CausalForest (Classic)] 超过 300s 无新日志，可能在底层库长时间计算（如 forest fit），请继续观察。
⏱ [CausalForest (Classic)] 仍在运行... 2026-02-25 09:56:58 | pid=1835496 | cpu/mem/etime=124 0.3 02:35:03 | log_stale=2534s
⚠️ [CausalForest (Classic)] 超过 300s 无新日志，可能在底层库长时间计算（如 forest fit），请继续观察。
⏱ [CausalForest (Classic)] 仍在运行... 2026-02-25 09:57:58 | pid=1835496 | cpu/mem/etime=124 0.3 02:36:03 | log_stale=2594s
⚠️ [CausalForest (Classic)] 超过 300s 无新日志，可能在底层库长时间计算（如 forest fit），请继续观察。
⏱ [CausalForest (Classic)] 仍在运行... 2026-02-25 09:58:58 | pid=1835496 | cpu/mem/etime=124 0.3 02:37:03 | log_stale=2654s
⚠️ [CausalForest (Classic)] 超过 300s 无新日志，可能在底层库长时间计算（如 forest fit），请继续观察。
⏱ [CausalForest (Classic)] 仍在运行... 2026-02-25 09:59:58 | pid=1835496 | cpu/mem/etime=123 0.3 02:38:03 | log_stale=2714s
⚠️ [CausalForest (Classic)] 超过 300s 无新日志，可能在底层库长时间计算（如 forest fit），请继续观察。
⏱ [CausalForest (Classic)] 仍在运行... 2026-02-25 10:00:58 | pid=1835496 | cpu/mem/etime=123 0.3 02:39:03 | log_stale=2774s
⚠️ [CausalForest (Classic)] 超过 300s 无新日志，可能在底层库长时间计算（如 forest fit），请继续观察。
⏱ [CausalForest (Classic)] 仍在运行... 2026-02-25 10:01:58 | pid=1835496 | cpu/mem/etime=123 0.3 02:40:03 | log_stale=2834s
⚠️ [CausalForest (Classic)] 超过 300s 无新日志，可能在底层库长时间计算（如 forest fit），请继续观察。
⏱ [CausalForest (Classic)] 仍在运行... 2026-02-25 10:02:58 | pid=1835496 | cpu/mem/etime=123 0.3 02:41:03 | log_stale=2894s
⚠️ [CausalForest (Classic)] 超过 300s 无新日志，可能在底层库长时间计算（如 forest fit），请继续观察。
⏱ [CausalForest (Classic)] 仍在运行... 2026-02-25 10:03:58 | pid=1835496 | cpu/mem/etime=123 0.3 02:42:03 | log_stale=2954s
⚠️ [CausalForest (Classic)] 超过 300s 无新日志，可能在底层库长时间计算（如 forest fit），请继续观察。
⏱ [CausalForest (Classic)] 仍在运行... 2026-02-25 10:04:58 | pid=1835496 | cpu/mem/etime=123 0.3 02:43:03 | log_stale=3014s
⚠️ [CausalForest (Classic)] 超过 300s 无新日志，可能在底层库长时间计算（如 forest fit），请继续观察。
⏱ [CausalForest (Classic)] 仍在运行... 2026-02-25 10:05:58 | pid=1835496 | cpu/mem/etime=123 0.3 02:44:03 | log_stale=3074s
⚠️ [CausalForest (Classic)] 超过 300s 无新日志，可能在底层库长时间计算（如 forest fit），请继续观察。
⏱ [CausalForest (Classic)] 仍在运行... 2026-02-25 10:06:58 | pid=1835496 | cpu/mem/etime=123 0.3 02:45:03 | log_stale=3134s
⚠️ [CausalForest (Classic)] 超过 300s 无新日志，可能在底层库长时间计算（如 forest fit），请继续观察。
⏱ [CausalForest (Classic)] 仍在运行... 2026-02-25 10:07:58 | pid=1835496 | cpu/mem/etime=131 0.3 02:46:03 | log_stale=39s
⏱ [CausalForest (Classic)] 仍在运行... 2026-02-25 10:08:58 | pid=1835496 | cpu/mem/etime=131 0.3 02:47:03 | log_stale=99s
⏱ [CausalForest (Classic)] 仍在运行... 2026-02-25 10:09:58 | pid=1835496 | cpu/mem/etime=131 0.3 02:48:03 | log_stale=23s
⏱ [CausalForest (Classic)] 仍在运行... 2026-02-25 10:10:58 | pid=1835496 | cpu/mem/etime=131 0.3 02:49:03 | log_stale=83s
⏱ [CausalForest (Classic)] 仍在运行... 2026-02-25 10:11:58 | pid=1835496 | cpu/mem/etime=131 0.3 02:50:03 | log_stale=143s
⏱ [CausalForest (Classic)] 仍在运行... 2026-02-25 10:12:58 | pid=1835496 | cpu/mem/etime=131 0.3 02:51:03 | log_stale=203s
⏱ [CausalForest (Classic)] 仍在运行... 2026-02-25 10:13:58 | pid=1835496 | cpu/mem/etime=130 0.3 02:52:03 | log_stale=263s
⏱ [CausalForest (Classic)] 仍在运行... 2026-02-25 10:14:58 | pid=1835496 | cpu/mem/etime=130 0.3 02:53:03 | log_stale=323s
⚠️ [CausalForest (Classic)] 超过 300s 无新日志，可能在底层库长时间计算（如 forest fit），请继续观察。
⏱ [CausalForest (Classic)] 仍在运行... 2026-02-25 10:15:58 | pid=1835496 | cpu/mem/etime=130 0.3 02:54:04 | log_stale=383s
⚠️ [CausalForest (Classic)] 超过 300s 无新日志，可能在底层库长时间计算（如 forest fit），请继续观察。
⏱ [CausalForest (Classic)] 仍在运行... 2026-02-25 10:16:58 | pid=1835496 | cpu/mem/etime=130 0.3 02:55:04 | log_stale=443s
⚠️ [CausalForest (Classic)] 超过 300s 无新日志，可能在底层库长时间计算（如 forest fit），请继续观察。
⏱ [CausalForest (Classic)] 仍在运行... 2026-02-25 10:17:58 | pid=1835496 | cpu/mem/etime=130 0.3 02:56:04 | log_stale=503s
⚠️ [CausalForest (Classic)] 超过 300s 无新日志，可能在底层库长时间计算（如 forest fit），请继续观察。
⏱ [CausalForest (Classic)] 仍在运行... 2026-02-25 10:18:58 | pid=1835496 | cpu/mem/etime=130 0.3 02:57:04 | log_stale=563s
⚠️ [CausalForest (Classic)] 超过 300s 无新日志，可能在底层库长时间计算（如 forest fit），请继续观察。
⏱ [CausalForest (Classic)] 仍在运行... 2026-02-25 10:19:58 | pid=1835496 | cpu/mem/etime=130 0.3 02:58:04 | log_stale=623s
⚠️ [CausalForest (Classic)] 超过 300s 无新日志，可能在底层库长时间计算（如 forest fit），请继续观察。
⏱ [CausalForest (Classic)] 仍在运行... 2026-02-25 10:20:58 | pid=1835496 | cpu/mem/etime=130 0.3 02:59:04 | log_stale=683s
⚠️ [CausalForest (Classic)] 超过 300s 无新日志，可能在底层库长时间计算（如 forest fit），请继续观察。
⏱ [CausalForest (Classic)] 仍在运行... 2026-02-25 10:21:58 | pid=1835496 | cpu/mem/etime=130 0.3 03:00:04 | log_stale=743s
⚠️ [CausalForest (Classic)] 超过 300s 无新日志，可能在底层库长时间计算（如 forest fit），请继续观察。
⏱ [CausalForest (Classic)] 仍在运行... 2026-02-25 10:22:58 | pid=1835496 | cpu/mem/etime=129 0.3 03:01:04 | log_stale=803s
⚠️ [CausalForest (Classic)] 超过 300s 无新日志，可能在底层库长时间计算（如 forest fit），请继续观察。
⏱ [CausalForest (Classic)] 仍在运行... 2026-02-25 10:23:58 | pid=1835496 | cpu/mem/etime=129 0.3 03:02:04 | log_stale=863s
⚠️ [CausalForest (Classic)] 超过 300s 无新日志，可能在底层库长时间计算（如 forest fit），请继续观察。
⏱ [CausalForest (Classic)] 仍在运行... 2026-02-25 10:24:58 | pid=1835496 | cpu/mem/etime=129 0.3 03:03:04 | log_stale=923s
⚠️ [CausalForest (Classic)] 超过 300s 无新日志，可能在底层库长时间计算（如 forest fit），请继续观察。
⏱ [CausalForest (Classic)] 仍在运行... 2026-02-25 10:25:58 | pid=1835496 | cpu/mem/etime=129 0.3 03:04:04 | log_stale=983s
⚠️ [CausalForest (Classic)] 超过 300s 无新日志，可能在底层库长时间计算（如 forest fit），请继续观察。
⏱ [CausalForest (Classic)] 仍在运行... 2026-02-25 10:26:58 | pid=1835496 | cpu/mem/etime=129 0.3 03:05:04 | log_stale=1043s
⚠️ [CausalForest (Classic)] 超过 300s 无新日志，可能在底层库长时间计算（如 forest fit），请继续观察。
⏱ [CausalForest (Classic)] 仍在运行... 2026-02-25 10:27:58 | pid=1835496 | cpu/mem/etime=129 0.3 03:06:04 | log_stale=1103s
⚠️ [CausalForest (Classic)] 超过 300s 无新日志，可能在底层库长时间计算（如 forest fit），请继续观察。
⏱ [CausalForest (Classic)] 仍在运行... 2026-02-25 10:28:58 | pid=1835496 | cpu/mem/etime=129 0.3 03:07:04 | log_stale=1163s
⚠️ [CausalForest (Classic)] 超过 300s 无新日志，可能在底层库长时间计算（如 forest fit），请继续观察。
⏱ [CausalForest (Classic)] 仍在运行... 2026-02-25 10:29:58 | pid=1835496 | cpu/mem/etime=129 0.3 03:08:04 | log_stale=1223s
⚠️ [CausalForest (Classic)] 超过 300s 无新日志，可能在底层库长时间计算（如 forest fit），请继续观察。
⏱ [CausalForest (Classic)] 仍在运行... 2026-02-25 10:30:58 | pid=1835496 | cpu/mem/etime=129 0.3 03:09:04 | log_stale=1283s
⚠️ [CausalForest (Classic)] 超过 300s 无新日志，可能在底层库长时间计算（如 forest fit），请继续观察。
⏱ [CausalForest (Classic)] 仍在运行... 2026-02-25 10:31:59 | pid=1835496 | cpu/mem/etime=129 0.3 03:10:04 | log_stale=1343s
⚠️ [CausalForest (Classic)] 超过 300s 无新日志，可能在底层库长时间计算（如 forest fit），请继续观察。
⏱ [CausalForest (Classic)] 仍在运行... 2026-02-25 10:32:59 | pid=1835496 | cpu/mem/etime=129 0.3 03:11:04 | log_stale=1404s
⚠️ [CausalForest (Classic)] 超过 300s 无新日志，可能在底层库长时间计算（如 forest fit），请继续观察。
⏱ [CausalForest (Classic)] 仍在运行... 2026-02-25 10:33:59 | pid=1835496 | cpu/mem/etime=128 0.3 03:12:04 | log_stale=1464s
⚠️ [CausalForest (Classic)] 超过 300s 无新日志，可能在底层库长时间计算（如 forest fit），请继续观察。
⏱ [CausalForest (Classic)] 仍在运行... 2026-02-25 10:34:59 | pid=1835496 | cpu/mem/etime=128 0.3 03:13:04 | log_stale=1524s
⚠️ [CausalForest (Classic)] 超过 300s 无新日志，可能在底层库长时间计算（如 forest fit），请继续观察。
⏱ [CausalForest (Classic)] 仍在运行... 2026-02-25 10:35:59 | pid=1835496 | cpu/mem/etime=128 0.3 03:14:04 | log_stale=1584s
⚠️ [CausalForest (Classic)] 超过 300s 无新日志，可能在底层库长时间计算（如 forest fit），请继续观察。
⏱ [CausalForest (Classic)] 仍在运行... 2026-02-25 10:36:59 | pid=1835496 | cpu/mem/etime=128 0.3 03:15:04 | log_stale=1644s
⚠️ [CausalForest (Classic)] 超过 300s 无新日志，可能在底层库长时间计算（如 forest fit），请继续观察。
⏱ [CausalForest (Classic)] 仍在运行... 2026-02-25 10:37:59 | pid=1835496 | cpu/mem/etime=128 0.3 03:16:04 | log_stale=1704s
⚠️ [CausalForest (Classic)] 超过 300s 无新日志，可能在底层库长时间计算（如 forest fit），请继续观察。
⏱ [CausalForest (Classic)] 仍在运行... 2026-02-25 10:38:59 | pid=1835496 | cpu/mem/etime=128 0.3 03:17:04 | log_stale=1764s
⚠️ [CausalForest (Classic)] 超过 300s 无新日志，可能在底层库长时间计算（如 forest fit），请继续观察。
⏱ [CausalForest (Classic)] 仍在运行... 2026-02-25 10:39:59 | pid=1835496 | cpu/mem/etime=128 0.3 03:18:04 | log_stale=1824s
⚠️ [CausalForest (Classic)] 超过 300s 无新日志，可能在底层库长时间计算（如 forest fit），请继续观察。
⏱ [CausalForest (Classic)] 仍在运行... 2026-02-25 10:40:59 | pid=1835496 | cpu/mem/etime=128 0.3 03:19:04 | log_stale=1884s
⚠️ [CausalForest (Classic)] 超过 300s 无新日志，可能在底层库长时间计算（如 forest fit），请继续观察。
⏱ [CausalForest (Classic)] 仍在运行... 2026-02-25 10:41:59 | pid=1835496 | cpu/mem/etime=128 0.3 03:20:04 | log_stale=1944s
⚠️ [CausalForest (Classic)] 超过 300s 无新日志，可能在底层库长时间计算（如 forest fit），请继续观察。
⏱ [CausalForest (Classic)] 仍在运行... 2026-02-25 10:42:59 | pid=1835496 | cpu/mem/etime=128 0.3 03:21:04 | log_stale=2004s
⚠️ [CausalForest (Classic)] 超过 300s 无新日志，可能在底层库长时间计算（如 forest fit），请继续观察。
⏱ [CausalForest (Classic)] 仍在运行... 2026-02-25 10:43:59 | pid=1835496 | cpu/mem/etime=128 0.3 03:22:04 | log_stale=2064s
⚠️ [CausalForest (Classic)] 超过 300s 无新日志，可能在底层库长时间计算（如 forest fit），请继续观察。
⏱ [CausalForest (Classic)] 仍在运行... 2026-02-25 10:44:59 | pid=1835496 | cpu/mem/etime=128 0.3 03:23:04 | log_stale=2124s
⚠️ [CausalForest (Classic)] 超过 300s 无新日志，可能在底层库长时间计算（如 forest fit），请继续观察。
⏱ [CausalForest (Classic)] 仍在运行... 2026-02-25 10:45:59 | pid=1835496 | cpu/mem/etime=127 0.3 03:24:04 | log_stale=2184s
⚠️ [CausalForest (Classic)] 超过 300s 无新日志，可能在底层库长时间计算（如 forest fit），请继续观察。
⏱ [CausalForest (Classic)] 仍在运行... 2026-02-25 10:46:59 | pid=1835496 | cpu/mem/etime=127 0.3 03:25:04 | log_stale=2244s
⚠️ [CausalForest (Classic)] 超过 300s 无新日志，可能在底层库长时间计算（如 forest fit），请继续观察。
⏱ [CausalForest (Classic)] 仍在运行... 2026-02-25 10:47:59 | pid=1835496 | cpu/mem/etime=127 0.3 03:26:04 | log_stale=2304s
⚠️ [CausalForest (Classic)] 超过 300s 无新日志，可能在底层库长时间计算（如 forest fit），请继续观察。
⏱ [CausalForest (Classic)] 仍在运行... 2026-02-25 10:48:59 | pid=1835496 | cpu/mem/etime=127 0.3 03:27:04 | log_stale=2364s
⚠️ [CausalForest (Classic)] 超过 300s 无新日志，可能在底层库长时间计算（如 forest fit），请继续观察。
⏱ [CausalForest (Classic)] 仍在运行... 2026-02-25 10:49:59 | pid=1835496 | cpu/mem/etime=127 0.3 03:28:04 | log_stale=2424s
⚠️ [CausalForest (Classic)] 超过 300s 无新日志，可能在底层库长时间计算（如 forest fit），请继续观察。
⏱ [CausalForest (Classic)] 仍在运行... 2026-02-25 10:50:59 | pid=1835496 | cpu/mem/etime=127 0.3 03:29:04 | log_stale=2484s
⚠️ [CausalForest (Classic)] 超过 300s 无新日志，可能在底层库长时间计算（如 forest fit），请继续观察。
⏱ [CausalForest (Classic)] 仍在运行... 2026-02-25 10:51:59 | pid=1835496 | cpu/mem/etime=127 0.3 03:30:04 | log_stale=2544s
⚠️ [CausalForest (Classic)] 超过 300s 无新日志，可能在底层库长时间计算（如 forest fit），请继续观察。
⏱ [CausalForest (Classic)] 仍在运行... 2026-02-25 10:52:59 | pid=1835496 | cpu/mem/etime=127 0.3 03:31:04 | log_stale=2604s
⚠️ [CausalForest (Classic)] 超过 300s 无新日志，可能在底层库长时间计算（如 forest fit），请继续观察。
⏱ [CausalForest (Classic)] 仍在运行... 2026-02-25 10:53:59 | pid=1835496 | cpu/mem/etime=127 0.3 03:32:04 | log_stale=2664s
⚠️ [CausalForest (Classic)] 超过 300s 无新日志，可能在底层库长时间计算（如 forest fit），请继续观察。
⏱ [CausalForest (Classic)] 仍在运行... 2026-02-25 10:54:59 | pid=1835496 | cpu/mem/etime=127 0.3 03:33:04 | log_stale=2724s
⚠️ [CausalForest (Classic)] 超过 300s 无新日志，可能在底层库长时间计算（如 forest fit），请继续观察。
⏱ [CausalForest (Classic)] 仍在运行... 2026-02-25 10:55:59 | pid=1835496 | cpu/mem/etime=127 0.3 03:34:04 | log_stale=2784s
⚠️ [CausalForest (Classic)] 超过 300s 无新日志，可能在底层库长时间计算（如 forest fit），请继续观察。
⏱ [CausalForest (Classic)] 仍在运行... 2026-02-25 10:56:59 | pid=1835496 | cpu/mem/etime=127 0.3 03:35:04 | log_stale=2844s
⚠️ [CausalForest (Classic)] 超过 300s 无新日志，可能在底层库长时间计算（如 forest fit），请继续观察。
⏱ [CausalForest (Classic)] 仍在运行... 2026-02-25 10:57:59 | pid=1835496 | cpu/mem/etime=127 0.3 03:36:04 | log_stale=2904s
⚠️ [CausalForest (Classic)] 超过 300s 无新日志，可能在底层库长时间计算（如 forest fit），请继续观察。
⏱ [CausalForest (Classic)] 仍在运行... 2026-02-25 10:58:59 | pid=1835496 | cpu/mem/etime=126 0.3 03:37:04 | log_stale=2964s
⚠️ [CausalForest (Classic)] 超过 300s 无新日志，可能在底层库长时间计算（如 forest fit），请继续观察。
⏱ [CausalForest (Classic)] 仍在运行... 2026-02-25 10:59:59 | pid=1835496 | cpu/mem/etime=126 0.3 03:38:04 | log_stale=3024s
⚠️ [CausalForest (Classic)] 超过 300s 无新日志，可能在底层库长时间计算（如 forest fit），请继续观察。
⏱ [CausalForest (Classic)] 仍在运行... 2026-02-25 11:00:59 | pid=1835496 | cpu/mem/etime=126 0.3 03:39:04 | log_stale=3084s
⚠️ [CausalForest (Classic)] 超过 300s 无新日志，可能在底层库长时间计算（如 forest fit），请继续观察。
⏱ [CausalForest (Classic)] 仍在运行... 2026-02-25 11:01:59 | pid=1835496 | cpu/mem/etime=129 0.3 03:40:05 | log_stale=5s
⏱ [CausalForest (Classic)] 仍在运行... 2026-02-25 11:02:59 | pid=1835496 | cpu/mem/etime=130 0.3 03:41:05 | log_stale=55s
⏱ [CausalForest (Classic)] 仍在运行... 2026-02-25 11:03:59 | pid=1835496 | cpu/mem/etime=130 0.3 03:42:05 | log_stale=115s
⏱ [CausalForest (Classic)] 仍在运行... 2026-02-25 11:04:59 | pid=1835496 | cpu/mem/etime=130 0.3 03:43:05 | log_stale=23s
⏱ [CausalForest (Classic)] 仍在运行... 2026-02-25 11:05:59 | pid=1835496 | cpu/mem/etime=130 0.3 03:44:05 | log_stale=83s
⏱ [CausalForest (Classic)] 仍在运行... 2026-02-25 11:06:59 | pid=1835496 | cpu/mem/etime=130 0.3 03:45:05 | log_stale=143s
⏱ [CausalForest (Classic)] 仍在运行... 2026-02-25 11:07:59 | pid=1835496 | cpu/mem/etime=130 0.3 03:46:05 | log_stale=203s
⏱ [CausalForest (Classic)] 仍在运行... 2026-02-25 11:08:59 | pid=1835496 | cpu/mem/etime=130 0.3 03:47:05 | log_stale=263s
⏱ [CausalForest (Classic)] 仍在运行... 2026-02-25 11:09:59 | pid=1835496 | cpu/mem/etime=130 0.3 03:48:05 | log_stale=323s
⚠️ [CausalForest (Classic)] 超过 300s 无新日志，可能在底层库长时间计算（如 forest fit），请继续观察。
⏱ [CausalForest (Classic)] 仍在运行... 2026-02-25 11:10:59 | pid=1835496 | cpu/mem/etime=130 0.3 03:49:05 | log_stale=383s
⚠️ [CausalForest (Classic)] 超过 300s 无新日志，可能在底层库长时间计算（如 forest fit），请继续观察。
⏱ [CausalForest (Classic)] 仍在运行... 2026-02-25 11:11:59 | pid=1835496 | cpu/mem/etime=130 0.3 03:50:05 | log_stale=443s
⚠️ [CausalForest (Classic)] 超过 300s 无新日志，可能在底层库长时间计算（如 forest fit），请继续观察。
⏱ [CausalForest (Classic)] 仍在运行... 2026-02-25 11:12:59 | pid=1835496 | cpu/mem/etime=130 0.3 03:51:05 | log_stale=503s
⚠️ [CausalForest (Classic)] 超过 300s 无新日志，可能在底层库长时间计算（如 forest fit），请继续观察。
⏱ [CausalForest (Classic)] 仍在运行... 2026-02-25 11:13:59 | pid=1835496 | cpu/mem/etime=130 0.3 03:52:05 | log_stale=563s
⚠️ [CausalForest (Classic)] 超过 300s 无新日志，可能在底层库长时间计算（如 forest fit），请继续观察。
⏱ [CausalForest (Classic)] 仍在运行... 2026-02-25 11:15:00 | pid=1835496 | cpu/mem/etime=130 0.3 03:53:05 | log_stale=623s
⚠️ [CausalForest (Classic)] 超过 300s 无新日志，可能在底层库长时间计算（如 forest fit），请继续观察。
⏱ [CausalForest (Classic)] 仍在运行... 2026-02-25 11:16:00 | pid=1835496 | cpu/mem/etime=130 0.3 03:54:05 | log_stale=684s
⚠️ [CausalForest (Classic)] 超过 300s 无新日志，可能在底层库长时间计算（如 forest fit），请继续观察。
⏱ [CausalForest (Classic)] 仍在运行... 2026-02-25 11:17:00 | pid=1835496 | cpu/mem/etime=129 0.3 03:55:05 | log_stale=744s
⚠️ [CausalForest (Classic)] 超过 300s 无新日志，可能在底层库长时间计算（如 forest fit），请继续观察。
⏱ [CausalForest (Classic)] 仍在运行... 2026-02-25 11:18:00 | pid=1835496 | cpu/mem/etime=129 0.3 03:56:05 | log_stale=804s
⚠️ [CausalForest (Classic)] 超过 300s 无新日志，可能在底层库长时间计算（如 forest fit），请继续观察。
⏱ [CausalForest (Classic)] 仍在运行... 2026-02-25 11:19:00 | pid=1835496 | cpu/mem/etime=129 0.3 03:57:05 | log_stale=864s
⚠️ [CausalForest (Classic)] 超过 300s 无新日志，可能在底层库长时间计算（如 forest fit），请继续观察。
⏱ [CausalForest (Classic)] 仍在运行... 2026-02-25 11:20:00 | pid=1835496 | cpu/mem/etime=129 0.3 03:58:05 | log_stale=924s
⚠️ [CausalForest (Classic)] 超过 300s 无新日志，可能在底层库长时间计算（如 forest fit），请继续观察。
⏱ [CausalForest (Classic)] 仍在运行... 2026-02-25 11:21:00 | pid=1835496 | cpu/mem/etime=129 0.3 03:59:05 | log_stale=984s
⚠️ [CausalForest (Classic)] 超过 300s 无新日志，可能在底层库长时间计算（如 forest fit），请继续观察。
⏱ [CausalForest (Classic)] 仍在运行... 2026-02-25 11:22:00 | pid=1835496 | cpu/mem/etime=129 0.3 04:00:05 | log_stale=1044s
⚠️ [CausalForest (Classic)] 超过 300s 无新日志，可能在底层库长时间计算（如 forest fit），请继续观察。
⏱ [CausalForest (Classic)] 仍在运行... 2026-02-25 11:23:00 | pid=1835496 | cpu/mem/etime=129 0.3 04:01:05 | log_stale=1104s
⚠️ [CausalForest (Classic)] 超过 300s 无新日志，可能在底层库长时间计算（如 forest fit），请继续观察。
⏱ [CausalForest (Classic)] 仍在运行... 2026-02-25 11:24:00 | pid=1835496 | cpu/mem/etime=129 0.3 04:02:05 | log_stale=1164s
⚠️ [CausalForest (Classic)] 超过 300s 无新日志，可能在底层库长时间计算（如 forest fit），请继续观察。
⏱ [CausalForest (Classic)] 仍在运行... 2026-02-25 11:25:00 | pid=1835496 | cpu/mem/etime=129 0.3 04:03:05 | log_stale=1224s
⚠️ [CausalForest (Classic)] 超过 300s 无新日志，可能在底层库长时间计算（如 forest fit），请继续观察。
⏱ [CausalForest (Classic)] 仍在运行... 2026-02-25 11:26:00 | pid=1835496 | cpu/mem/etime=129 0.3 04:04:05 | log_stale=1284s
⚠️ [CausalForest (Classic)] 超过 300s 无新日志，可能在底层库长时间计算（如 forest fit），请继续观察。
⏱ [CausalForest (Classic)] 仍在运行... 2026-02-25 11:27:00 | pid=1835496 | cpu/mem/etime=129 0.3 04:05:05 | log_stale=1344s
⚠️ [CausalForest (Classic)] 超过 300s 无新日志，可能在底层库长时间计算（如 forest fit），请继续观察。
⏱ [CausalForest (Classic)] 仍在运行... 2026-02-25 11:28:00 | pid=1835496 | cpu/mem/etime=129 0.3 04:06:05 | log_stale=1404s
⚠️ [CausalForest (Classic)] 超过 300s 无新日志，可能在底层库长时间计算（如 forest fit），请继续观察。
⏱ [CausalForest (Classic)] 仍在运行... 2026-02-25 11:29:00 | pid=1835496 | cpu/mem/etime=129 0.3 04:07:05 | log_stale=1464s
⚠️ [CausalForest (Classic)] 超过 300s 无新日志，可能在底层库长时间计算（如 forest fit），请继续观察。
⏱ [CausalForest (Classic)] 仍在运行... 2026-02-25 11:30:00 | pid=1835496 | cpu/mem/etime=128 0.3 04:08:05 | log_stale=1524s
⚠️ [CausalForest (Classic)] 超过 300s 无新日志，可能在底层库长时间计算（如 forest fit），请继续观察。
⏱ [CausalForest (Classic)] 仍在运行... 2026-02-25 11:31:00 | pid=1835496 | cpu/mem/etime=128 0.3 04:09:05 | log_stale=1584s
⚠️ [CausalForest (Classic)] 超过 300s 无新日志，可能在底层库长时间计算（如 forest fit），请继续观察。
⏱ [CausalForest (Classic)] 仍在运行... 2026-02-25 11:32:00 | pid=1835496 | cpu/mem/etime=128 0.3 04:10:05 | log_stale=1644s
⚠️ [CausalForest (Classic)] 超过 300s 无新日志，可能在底层库长时间计算（如 forest fit），请继续观察。
⏱ [CausalForest (Classic)] 仍在运行... 2026-02-25 11:33:00 | pid=1835496 | cpu/mem/etime=128 0.3 04:11:05 | log_stale=1704s
⚠️ [CausalForest (Classic)] 超过 300s 无新日志，可能在底层库长时间计算（如 forest fit），请继续观察。
⏱ [CausalForest (Classic)] 仍在运行... 2026-02-25 11:34:00 | pid=1835496 | cpu/mem/etime=128 0.3 04:12:05 | log_stale=1764s
⚠️ [CausalForest (Classic)] 超过 300s 无新日志，可能在底层库长时间计算（如 forest fit），请继续观察。
⏱ [CausalForest (Classic)] 仍在运行... 2026-02-25 11:35:00 | pid=1835496 | cpu/mem/etime=128 0.3 04:13:05 | log_stale=1824s
⚠️ [CausalForest (Classic)] 超过 300s 无新日志，可能在底层库长时间计算（如 forest fit），请继续观察。
⏱ [CausalForest (Classic)] 仍在运行... 2026-02-25 11:36:00 | pid=1835496 | cpu/mem/etime=128 0.3 04:14:05 | log_stale=1884s
⚠️ [CausalForest (Classic)] 超过 300s 无新日志，可能在底层库长时间计算（如 forest fit），请继续观察。
⏱ [CausalForest (Classic)] 仍在运行... 2026-02-25 11:37:00 | pid=1835496 | cpu/mem/etime=128 0.3 04:15:05 | log_stale=1944s
⚠️ [CausalForest (Classic)] 超过 300s 无新日志，可能在底层库长时间计算（如 forest fit），请继续观察。
⏱ [CausalForest (Classic)] 仍在运行... 2026-02-25 11:38:00 | pid=1835496 | cpu/mem/etime=128 0.3 04:16:05 | log_stale=2004s
⚠️ [CausalForest (Classic)] 超过 300s 无新日志，可能在底层库长时间计算（如 forest fit），请继续观察。
⏱ [CausalForest (Classic)] 仍在运行... 2026-02-25 11:39:00 | pid=1835496 | cpu/mem/etime=128 0.3 04:17:05 | log_stale=2064s
⚠️ [CausalForest (Classic)] 超过 300s 无新日志，可能在底层库长时间计算（如 forest fit），请继续观察。
⏱ [CausalForest (Classic)] 仍在运行... 2026-02-25 11:40:00 | pid=1835496 | cpu/mem/etime=128 0.3 04:18:05 | log_stale=2124s
⚠️ [CausalForest (Classic)] 超过 300s 无新日志，可能在底层库长时间计算（如 forest fit），请继续观察。
⏱ [CausalForest (Classic)] 仍在运行... 2026-02-25 11:41:00 | pid=1835496 | cpu/mem/etime=128 0.3 04:19:05 | log_stale=2184s
⚠️ [CausalForest (Classic)] 超过 300s 无新日志，可能在底层库长时间计算（如 forest fit），请继续观察。
⏱ [CausalForest (Classic)] 仍在运行... 2026-02-25 11:42:00 | pid=1835496 | cpu/mem/etime=128 0.3 04:20:05 | log_stale=2244s
⚠️ [CausalForest (Classic)] 超过 300s 无新日志，可能在底层库长时间计算（如 forest fit），请继续观察。
⏱ [CausalForest (Classic)] 仍在运行... 2026-02-25 11:43:00 | pid=1835496 | cpu/mem/etime=128 0.3 04:21:05 | log_stale=2304s
⚠️ [CausalForest (Classic)] 超过 300s 无新日志，可能在底层库长时间计算（如 forest fit），请继续观察。
⏱ [CausalForest (Classic)] 仍在运行... 2026-02-25 11:44:00 | pid=1835496 | cpu/mem/etime=128 0.3 04:22:05 | log_stale=2364s
⚠️ [CausalForest (Classic)] 超过 300s 无新日志，可能在底层库长时间计算（如 forest fit），请继续观察。
⏱ [CausalForest (Classic)] 仍在运行... 2026-02-25 11:45:00 | pid=1835496 | cpu/mem/etime=128 0.3 04:23:05 | log_stale=2424s
⚠️ [CausalForest (Classic)] 超过 300s 无新日志，可能在底层库长时间计算（如 forest fit），请继续观察。
⏱ [CausalForest (Classic)] 仍在运行... 2026-02-25 11:46:00 | pid=1835496 | cpu/mem/etime=127 0.3 04:24:05 | log_stale=2484s
⚠️ [CausalForest (Classic)] 超过 300s 无新日志，可能在底层库长时间计算（如 forest fit），请继续观察。
⏱ [CausalForest (Classic)] 仍在运行... 2026-02-25 11:47:00 | pid=1835496 | cpu/mem/etime=127 0.3 04:25:06 | log_stale=2544s
⚠️ [CausalForest (Classic)] 超过 300s 无新日志，可能在底层库长时间计算（如 forest fit），请继续观察。
⏱ [CausalForest (Classic)] 仍在运行... 2026-02-25 11:48:00 | pid=1835496 | cpu/mem/etime=127 0.3 04:26:06 | log_stale=2604s
⚠️ [CausalForest (Classic)] 超过 300s 无新日志，可能在底层库长时间计算（如 forest fit），请继续观察。
⏱ [CausalForest (Classic)] 仍在运行... 2026-02-25 11:49:00 | pid=1835496 | cpu/mem/etime=127 0.3 04:27:06 | log_stale=2664s
⚠️ [CausalForest (Classic)] 超过 300s 无新日志，可能在底层库长时间计算（如 forest fit），请继续观察。
⏱ [CausalForest (Classic)] 仍在运行... 2026-02-25 11:50:00 | pid=1835496 | cpu/mem/etime=127 0.3 04:28:06 | log_stale=2724s
⚠️ [CausalForest (Classic)] 超过 300s 无新日志，可能在底层库长时间计算（如 forest fit），请继续观察。
⏱ [CausalForest (Classic)] 仍在运行... 2026-02-25 11:51:00 | pid=1835496 | cpu/mem/etime=127 0.3 04:29:06 | log_stale=2784s
⚠️ [CausalForest (Classic)] 超过 300s 无新日志，可能在底层库长时间计算（如 forest fit），请继续观察。
⏱ [CausalForest (Classic)] 仍在运行... 2026-02-25 11:52:00 | pid=1835496 | cpu/mem/etime=127 0.3 04:30:06 | log_stale=2844s
⚠️ [CausalForest (Classic)] 超过 300s 无新日志，可能在底层库长时间计算（如 forest fit），请继续观察。
⏱ [CausalForest (Classic)] 仍在运行... 2026-02-25 11:53:00 | pid=1835496 | cpu/mem/etime=127 0.3 04:31:06 | log_stale=2904s
⚠️ [CausalForest (Classic)] 超过 300s 无新日志，可能在底层库长时间计算（如 forest fit），请继续观察。
⏱ [CausalForest (Classic)] 仍在运行... 2026-02-25 11:54:00 | pid=1835496 | cpu/mem/etime=127 0.3 04:32:06 | log_stale=2964s
⚠️ [CausalForest (Classic)] 超过 300s 无新日志，可能在底层库长时间计算（如 forest fit），请继续观察。
⏱ [CausalForest (Classic)] 仍在运行... 2026-02-25 11:55:00 | pid=1835496 | cpu/mem/etime=127 0.3 04:33:06 | log_stale=3024s
⚠️ [CausalForest (Classic)] 超过 300s 无新日志，可能在底层库长时间计算（如 forest fit），请继续观察。
⏱ [CausalForest (Classic)] 仍在运行... 2026-02-25 11:56:00 | pid=1835496 | cpu/mem/etime=127 0.3 04:34:06 | log_stale=3084s
⚠️ [CausalForest (Classic)] 超过 300s 无新日志，可能在底层库长时间计算（如 forest fit），请继续观察。
⏱ [CausalForest (Classic)] 仍在运行... 2026-02-25 11:57:00 | pid=1835496 | cpu/mem/etime=129 0.3 04:35:06 | log_stale=5s
🧾 [CausalForest (Classic)] 退出码: 0
📌 [CausalForest (Classic)] 最近日志摘要(最后5行):
2026-02-25 11:57:04,821 - INFO - 
| Model                  | ATE_Bias        | Wasserstein     | CMD             | TSTR_AUC        | TSTR_F1         |
|------------------------|-----------------|-----------------|-----------------|-----------------|-----------------|
| CausalForest (Classic) | 0.0170 ± 0.0033 | 0.4141 ± 0.0000 | 0.8285 ± 0.0329 | 0.3962 ± 0.1225 | 0.0229 ± 0.0258 |
2026-02-25 11:57:04,821 - INFO - Reports saved to markdown_report.md and latex_report.txt
✅ [CausalForest (Classic)] 基线演算结案收敛！结束时间: 2026-02-25 11:58:00
================================================================
⏳ [跑批中] 当前挂载评估任务: STaSy (ICLR 23)
   标准输出与跟踪进度重定向至 -> logs/stasy_full.log
🕒 开始时间: 2026-02-25 11:58:00
⏱ [STaSy (ICLR 23)] 仍在运行... 2026-02-25 11:58:01 | pid=1455916 | cpu/mem/etime=0.0 0.0 00:00 | log_stale=0s
⏱ [STaSy (ICLR 23)] 仍在运行... 2026-02-25 11:59:01 | pid=1455916 | cpu/mem/etime=129 0.3 01:00 | log_stale=1s
⏱ [STaSy (ICLR 23)] 仍在运行... 2026-02-25 12:00:01 | pid=1455916 | cpu/mem/etime=117 0.3 02:00 | log_stale=0s
⏱ [STaSy (ICLR 23)] 仍在运行... 2026-02-25 12:01:01 | pid=1455916 | cpu/mem/etime=114 0.3 03:00 | log_stale=1s
⏱ [STaSy (ICLR 23)] 仍在运行... 2026-02-25 12:02:01 | pid=1455916 | cpu/mem/etime=112 0.3 04:00 | log_stale=1s
⏱ [STaSy (ICLR 23)] 仍在运行... 2026-02-25 12:03:01 | pid=1455916 | cpu/mem/etime=111 0.3 05:00 | log_stale=1s
⏱ [STaSy (ICLR 23)] 仍在运行... 2026-02-25 12:04:01 | pid=1455916 | cpu/mem/etime=110 0.3 06:00 | log_stale=1s
⏱ [STaSy (ICLR 23)] 仍在运行... 2026-02-25 12:05:01 | pid=1455916 | cpu/mem/etime=110 0.3 07:00 | log_stale=0s
⏱ [STaSy (ICLR 23)] 仍在运行... 2026-02-25 12:06:01 | pid=1455916 | cpu/mem/etime=110 0.3 08:00 | log_stale=1s
⏱ [STaSy (ICLR 23)] 仍在运行... 2026-02-25 12:07:01 | pid=1455916 | cpu/mem/etime=109 0.3 09:00 | log_stale=1s
⏱ [STaSy (ICLR 23)] 仍在运行... 2026-02-25 12:08:01 | pid=1455916 | cpu/mem/etime=109 0.3 10:00 | log_stale=1s
⏱ [STaSy (ICLR 23)] 仍在运行... 2026-02-25 12:09:01 | pid=1455916 | cpu/mem/etime=109 0.3 11:00 | log_stale=0s
⏱ [STaSy (ICLR 23)] 仍在运行... 2026-02-25 12:10:01 | pid=1455916 | cpu/mem/etime=109 0.3 12:00 | log_stale=0s
⏱ [STaSy (ICLR 23)] 仍在运行... 2026-02-25 12:11:01 | pid=1455916 | cpu/mem/etime=109 0.3 13:00 | log_stale=0s
⏱ [STaSy (ICLR 23)] 仍在运行... 2026-02-25 12:12:01 | pid=1455916 | cpu/mem/etime=109 0.3 14:00 | log_stale=0s
⏱ [STaSy (ICLR 23)] 仍在运行... 2026-02-25 12:13:01 | pid=1455916 | cpu/mem/etime=108 0.3 15:00 | log_stale=0s
⏱ [STaSy (ICLR 23)] 仍在运行... 2026-02-25 12:14:01 | pid=1455916 | cpu/mem/etime=108 0.3 16:00 | log_stale=0s
⏱ [STaSy (ICLR 23)] 仍在运行... 2026-02-25 12:15:01 | pid=1455916 | cpu/mem/etime=108 0.3 17:00 | log_stale=0s
⏱ [STaSy (ICLR 23)] 仍在运行... 2026-02-25 12:16:01 | pid=1455916 | cpu/mem/etime=108 0.3 18:00 | log_stale=0s
⏱ [STaSy (ICLR 23)] 仍在运行... 2026-02-25 12:17:01 | pid=1455916 | cpu/mem/etime=108 0.3 19:00 | log_stale=0s
⏱ [STaSy (ICLR 23)] 仍在运行... 2026-02-25 12:18:01 | pid=1455916 | cpu/mem/etime=108 0.3 20:00 | log_stale=0s
⏱ [STaSy (ICLR 23)] 仍在运行... 2026-02-25 12:19:01 | pid=1455916 | cpu/mem/etime=108 0.3 21:00 | log_stale=0s
⏱ [STaSy (ICLR 23)] 仍在运行... 2026-02-25 12:20:01 | pid=1455916 | cpu/mem/etime=108 0.3 22:00 | log_stale=0s
⏱ [STaSy (ICLR 23)] 仍在运行... 2026-02-25 12:21:01 | pid=1455916 | cpu/mem/etime=108 0.3 23:00 | log_stale=0s
⏱ [STaSy (ICLR 23)] 仍在运行... 2026-02-25 12:22:01 | pid=1455916 | cpu/mem/etime=108 0.3 24:00 | log_stale=0s
⏱ [STaSy (ICLR 23)] 仍在运行... 2026-02-25 12:23:01 | pid=1455916 | cpu/mem/etime=108 0.3 25:00 | log_stale=0s
⏱ [STaSy (ICLR 23)] 仍在运行... 2026-02-25 12:24:01 | pid=1455916 | cpu/mem/etime=108 0.3 26:00 | log_stale=0s
⏱ [STaSy (ICLR 23)] 仍在运行... 2026-02-25 12:25:01 | pid=1455916 | cpu/mem/etime=108 0.3 27:00 | log_stale=0s
⏱ [STaSy (ICLR 23)] 仍在运行... 2026-02-25 12:26:01 | pid=1455916 | cpu/mem/etime=108 0.3 28:00 | log_stale=0s
⏱ [STaSy (ICLR 23)] 仍在运行... 2026-02-25 12:27:01 | pid=1455916 | cpu/mem/etime=108 0.3 29:01 | log_stale=0s
⏱ [STaSy (ICLR 23)] 仍在运行... 2026-02-25 12:28:01 | pid=1455916 | cpu/mem/etime=108 0.3 30:01 | log_stale=0s
⏱ [STaSy (ICLR 23)] 仍在运行... 2026-02-25 12:29:01 | pid=1455916 | cpu/mem/etime=108 0.3 31:01 | log_stale=0s
🧾 [STaSy (ICLR 23)] 退出码: 1
📌 [STaSy (ICLR 23)] 最近日志摘要(最后5行):
2026-02-25 12:29:05,979 - INFO - [STaSy] Epoch 100/100 - batch 800/836, loss=0.934782
2026-02-25 12:29:06,410 - INFO - [STaSy] Epoch 100/100 - batch 820/836, loss=1.674382
2026-02-25 12:29:06,756 - INFO - [STaSy] Epoch 100/100 - batch 836/836, loss=1.809246
2026-02-25 12:29:06,756 - INFO - [STaSy] Epoch 100/100 - avg_loss=0.868931, batches=836
2026-02-25 12:29:06,757 - INFO - Sampling and Evaluating metrics...
❌ [STaSy (ICLR 23)] 执行失败，已中断后续模型。
