[2026-02-25 13:48:03] monitor start
[2026-02-25 13:48:03] pid=1457525 ps=[1457525    01:02:03  156  0.4] last=[2026-02-25 13:48:03,043 - INFO - [STaSy] Epoch 12/100 - batch 780/836, loss=0.990273]
[2026-02-25 13:49:03] pid=1457525 ps=[1457525    01:03:03  155  0.4] last=[2026-02-25 13:49:02,981 - INFO - [STaSy] Epoch 17/100 - batch 680/836, loss=0.816017]
[2026-02-25 13:50:03] pid=1457525 ps=[1457525    01:04:03  154  0.4] last=[2026-02-25 13:50:02,997 - INFO - [STaSy] Epoch 21/100 - batch 740/836, loss=2.120531]
[2026-02-25 13:51:03] pid=1457525 ps=[1457525    01:05:03  153  0.4] last=[2026-02-25 13:51:03,160 - INFO - [STaSy] Epoch 25/100 - batch 780/836, loss=1.599965]
[2026-02-25 13:52:03] pid=1457525 ps=[1457525    01:06:03  153  0.4] last=[2026-02-25 13:52:02,901 - INFO - [STaSy] Epoch 29/100 - batch 760/836, loss=1.217814]
[2026-02-25 13:53:03] pid=1457525 ps=[1457525    01:07:03  152  0.4] last=[2026-02-25 13:53:03,111 - INFO - [STaSy] Epoch 33/100 - batch 760/836, loss=1.918582]
[2026-02-25 13:54:03] pid=1457525 ps=[1457525    01:08:03  151  0.4] last=[2026-02-25 13:54:03,163 - INFO - [STaSy] Epoch 37/100 - batch 780/836, loss=1.168184]
[2026-02-25 13:55:03] pid=1457525 ps=[1457525    01:09:03  151  0.4] last=[2026-02-25 13:55:03,075 - INFO - [STaSy] Epoch 41/100 - batch 820/836, loss=1.467778]
[2026-02-25 13:56:03] pid=1457525 ps=[1457525    01:10:03  150  0.4] last=[2026-02-25 13:56:03,032 - INFO - [STaSy] Epoch 46/100 - batch 60/836, loss=0.974208]
[2026-02-25 13:57:03] pid=1457525 ps=[1457525    01:11:03  150  0.4] last=[2026-02-25 13:57:03,028 - INFO - [STaSy] Epoch 50/100 - batch 80/836, loss=1.436495]
[2026-02-25 13:58:03] pid=1457525 ps=[1457525    01:12:03  149  0.4] last=[2026-02-25 13:58:03,096 - INFO - [STaSy] Epoch 54/100 - batch 140/836, loss=1.292079]
[2026-02-25 13:59:03] pid=1457525 ps=[1457525    01:13:03  149  0.4] last=[2026-02-25 13:59:03,185 - INFO - [STaSy] Epoch 58/100 - batch 100/836, loss=0.729788]
[2026-02-25 14:00:03] pid=1457525 ps=[1457525    01:14:03  148  0.4] last=[2026-02-25 14:00:03,084 - INFO - [STaSy] Epoch 62/100 - batch 20/836, loss=1.474765]
[2026-02-25 14:01:03] pid=1457525 ps=[1457525    01:15:03  147  0.4] last=[2026-02-25 14:01:03,087 - INFO - [STaSy] Epoch 65/100 - batch 780/836, loss=1.027030]
[2026-02-25 14:02:03] pid=1457525 ps=[1457525    01:16:03  147  0.4] last=[2026-02-25 14:02:03,348 - INFO - [STaSy] Epoch 69/100 - batch 720/836, loss=2.094620]
[2026-02-25 14:03:03] pid=1457525 ps=[1457525    01:17:03  146  0.4] last=[2026-02-25 14:03:03,478 - INFO - [STaSy] Epoch 73/100 - batch 700/836, loss=0.447299]
[2026-02-25 14:04:03] pid=1457525 ps=[1457525    01:18:03  146  0.4] last=[2026-02-25 14:04:03,444 - INFO - [STaSy] Epoch 77/100 - batch 700/836, loss=0.449461]
[2026-02-25 14:05:03] pid=1457525 ps=[1457525    01:19:03  145  0.4] last=[2026-02-25 14:05:03,470 - INFO - [STaSy] Epoch 81/100 - batch 760/836, loss=1.164133]
[2026-02-25 14:06:03] pid=1457525 ps=[1457525    01:20:03  145  0.4] last=[2026-02-25 14:06:03,269 - INFO - [STaSy] Epoch 85/100 - batch 760/836, loss=0.804180]
[2026-02-25 14:07:03] pid=1457525 ps=[1457525    01:21:03  144  0.4] last=[2026-02-25 14:07:03,470 - INFO - [STaSy] Epoch 89/100 - batch 780/836, loss=0.388191]
[2026-02-25 14:08:03] pid=1457525 ps=[1457525    01:22:03  144  0.4] last=[2026-02-25 14:08:03,327 - INFO - [STaSy] Epoch 93/100 - batch 760/836, loss=1.285770]
[2026-02-25 14:09:03] pid=1457525 ps=[1457525    01:23:03  144  0.4] last=[2026-02-25 14:09:03,498 - INFO - [STaSy] Epoch 97/100 - batch 700/836, loss=0.641134]
[2026-02-25 14:10:03] pid=1457525 ps=[1457525    01:24:04  143  0.4] last=[2026-02-25 14:09:51,243 - INFO - Sampling and Evaluating metrics...]
[2026-02-25 14:11:03] pid=1457525 ps=[1457525    01:25:04  143  0.4] last=[2026-02-25 14:09:51,243 - INFO - Sampling and Evaluating metrics...]
[2026-02-25 14:12:03] pid=1457525 ps=[1457525    01:26:04  142  0.4] last=[2026-02-25 14:09:51,243 - INFO - Sampling and Evaluating metrics...]
[2026-02-25 14:13:03] pid=1457525 ps=[1457525    01:27:04  142  0.4] last=[2026-02-25 14:09:51,243 - INFO - Sampling and Evaluating metrics...]
[2026-02-25 14:14:03] pid=1457525 ps=[1457525    01:28:04  141  0.4] last=[2026-02-25 14:09:51,243 - INFO - Sampling and Evaluating metrics...]
[2026-02-25 14:15:03] pid=1457525 ps=[1457525    01:29:04  151  0.4] last=[2026-02-25 14:15:03,687 - INFO - [STaSy] Epoch 3/100 - batch 60/836, loss=1.250265]
[2026-02-25 14:16:03] pid=1457525 ps=[1457525    01:30:04  151  0.4] last=[2026-02-25 14:16:03,573 - INFO - [STaSy] Epoch 7/100 - batch 200/836, loss=1.301118]
[2026-02-25 14:17:03] pid=1457525 ps=[1457525    01:31:04  150  0.4] last=[2026-02-25 14:17:03,581 - INFO - [STaSy] Epoch 11/100 - batch 300/836, loss=2.112635]
[2026-02-25 14:18:03] pid=1457525 ps=[1457525    01:32:04  150  0.4] last=[2026-02-25 14:18:03,548 - INFO - [STaSy] Epoch 15/100 - batch 360/836, loss=0.912471]
[2026-02-25 14:19:03] pid=1457525 ps=[1457525    01:33:04  149  0.4] last=[2026-02-25 14:19:03,665 - INFO - [STaSy] Epoch 19/100 - batch 480/836, loss=1.566038]
[2026-02-25 14:20:03] pid=1457525 ps=[1457525    01:34:04  149  0.4] last=[2026-02-25 14:20:03,650 - INFO - [STaSy] Epoch 23/100 - batch 540/836, loss=0.928622]
[2026-02-25 14:21:03] pid=1457525 ps=[1457525    01:35:04  148  0.4] last=[2026-02-25 14:21:03,858 - INFO - [STaSy] Epoch 27/100 - batch 660/836, loss=1.218893]
[2026-02-25 14:22:03] pid=1457525 ps=[1457525    01:36:04  148  0.4] last=[2026-02-25 14:22:03,716 - INFO - [STaSy] Epoch 31/100 - batch 720/836, loss=0.907431]
[2026-02-25 14:23:03] pid=1457525 ps=[1457525    01:37:04  148  0.4] last=[2026-02-25 14:23:03,900 - INFO - [STaSy] Epoch 36/100 - batch 800/836, loss=1.302876]
[2026-02-25 14:24:03] pid=1457525 ps=[1457525    01:38:04  147  0.4] last=[2026-02-25 14:24:03,858 - INFO - [STaSy] Epoch 44/100 - batch 180/836, loss=0.737522]
[2026-02-25 14:25:04] pid=1457525 ps=[1457525    01:39:04  147  0.4] last=[2026-02-25 14:25:03,707 - INFO - [STaSy] Epoch 50/100 - batch 720/836, loss=0.785794]
[2026-02-25 14:26:04] pid=1457525 ps=[1457525    01:40:04  147  0.4] last=[2026-02-25 14:26:03,840 - INFO - [STaSy] Epoch 54/100 - batch 600/836, loss=0.632874]
[2026-02-25 14:27:04] pid=1457525 ps=[1457525    01:41:04  146  0.4] last=[2026-02-25 14:27:04,007 - INFO - [STaSy] Epoch 58/100 - batch 500/836, loss=1.117700]
[2026-02-25 14:28:04] pid=1457525 ps=[1457525    01:42:04  146  0.4] last=[2026-02-25 14:28:03,809 - INFO - [STaSy] Epoch 62/100 - batch 100/836, loss=0.867462]
[2026-02-25 14:29:04] pid=1457525 ps=[1457525    01:43:04  145  0.4] last=[2026-02-25 14:29:03,999 - INFO - [STaSy] Epoch 65/100 - batch 340/836, loss=0.952573]
[2026-02-25 14:30:04] pid=1457525 ps=[1457525    01:44:04  145  0.4] last=[2026-02-25 14:30:03,987 - INFO - [STaSy] Epoch 68/100 - batch 580/836, loss=1.184556]
[2026-02-25 14:31:04] pid=1457525 ps=[1457525    01:45:04  145  0.4] last=[2026-02-25 14:31:03,931 - INFO - [STaSy] Epoch 71/100 - batch 820/836, loss=1.018525]
[2026-02-25 14:32:04] pid=1457525 ps=[1457525    01:46:04  144  0.4] last=[2026-02-25 14:32:03,837 - INFO - [STaSy] Epoch 75/100 - batch 740/836, loss=0.758156]
[2026-02-25 14:33:04] pid=1457525 ps=[1457525    01:47:04  144  0.4] last=[2026-02-25 14:33:03,840 - INFO - [STaSy] Epoch 79/100 - batch 740/836, loss=1.140043]
[2026-02-25 14:34:04] pid=1457525 ps=[1457525    01:48:04  144  0.4] last=[2026-02-25 14:34:04,093 - INFO - [STaSy] Epoch 84/100 - batch 20/836, loss=1.229946]
[2026-02-25 14:35:04] pid=1457525 ps=[1457525    01:49:04  143  0.4] last=[2026-02-25 14:35:04,027 - INFO - [STaSy] Epoch 88/100 - batch 100/836, loss=1.133141]
[2026-02-25 14:36:04] pid=1457525 ps=[1457525    01:50:04  143  0.4] last=[2026-02-25 14:36:04,162 - INFO - [STaSy] Epoch 92/100 - batch 220/836, loss=0.625100]
[2026-02-25 14:37:04] pid=1457525 ps=[1457525    01:51:04  143  0.4] last=[2026-02-25 14:37:04,106 - INFO - [STaSy] Epoch 96/100 - batch 280/836, loss=1.432713]
[2026-02-25 14:38:04] pid=1457525 ps=[1457525    01:52:04  142  0.4] last=[2026-02-25 14:38:04,086 - INFO - [STaSy] Epoch 100/100 - batch 360/836, loss=0.640344]
[2026-02-25 14:39:04] pid=1457525 ps=[1457525    01:53:04  142  0.4] last=[2026-02-25 14:38:12,351 - INFO - Sampling and Evaluating metrics...]
[2026-02-25 14:40:04] pid=1457525 ps=[1457525    01:54:04  142  0.4] last=[2026-02-25 14:38:12,351 - INFO - Sampling and Evaluating metrics...]
[2026-02-25 14:41:04] pid=1457525 ps=[1457525    01:55:04  141  0.4] last=[2026-02-25 14:38:12,351 - INFO - Sampling and Evaluating metrics...]
[2026-02-25 14:42:04] pid=1457525 ps=[1457525    01:56:04  141  0.4] last=[2026-02-25 14:38:12,351 - INFO - Sampling and Evaluating metrics...]
[2026-02-25 14:43:04] pid=1457525 ps=[1457525    01:57:04  153  0.4] last=[2026-02-25 14:43:04,269 - INFO - [STaSy] Epoch 2/100 - batch 420/836, loss=1.379209]
[2026-02-25 14:44:04] pid=1457525 ps=[1457525    01:58:04  153  0.4] last=[2026-02-25 14:44:04,218 - INFO - [STaSy] Epoch 6/100 - batch 340/836, loss=2.245607]
[2026-02-25 14:45:04] pid=1457525 ps=[1457525    01:59:04  152  0.4] last=[2026-02-25 14:45:04,303 - INFO - [STaSy] Epoch 10/100 - batch 460/836, loss=1.460110]
[2026-02-25 14:46:04] pid=1457525 ps=[1457525    02:00:04  152  0.4] last=[2026-02-25 14:46:04,446 - INFO - [STaSy] Epoch 14/100 - batch 580/836, loss=0.940282]
[2026-02-25 14:47:04] pid=1457525 ps=[1457525    02:01:04  152  0.4] last=[2026-02-25 14:47:04,188 - INFO - [STaSy] Epoch 18/100 - batch 680/836, loss=2.152565]
[2026-02-25 14:48:04] pid=1457525 ps=[1457525    02:02:04  151  0.4] last=[2026-02-25 14:48:04,416 - INFO - [STaSy] Epoch 22/100 - batch 800/836, loss=1.066249]
[2026-02-25 14:49:04] pid=1457525 ps=[1457525    02:03:04  151  0.4] last=[2026-02-25 14:49:04,474 - INFO - [STaSy] Epoch 29/100 - batch 800/836, loss=1.089414]
[2026-02-25 14:50:04] pid=1457525 ps=[1457525    02:04:04  151  0.4] last=[2026-02-25 14:50:04,264 - INFO - [STaSy] Epoch 35/100 - batch 340/836, loss=1.128251]
[2026-02-25 14:51:04] pid=1457525 ps=[1457525    02:05:04  150  0.4] last=[2026-02-25 14:51:04,267 - INFO - [STaSy] Epoch 39/100 - batch 400/836, loss=0.815838]
[2026-02-25 14:52:04] pid=1457525 ps=[1457525    02:06:04  150  0.4] last=[2026-02-25 14:52:04,555 - INFO - [STaSy] Epoch 43/100 - batch 540/836, loss=2.104314]
[2026-02-25 14:53:04] pid=1457525 ps=[1457525    02:07:05  150  0.4] last=[2026-02-25 14:53:04,609 - INFO - [STaSy] Epoch 47/100 - batch 700/836, loss=0.897745]
[2026-02-25 14:54:04] pid=1457525 ps=[1457525    02:08:05  149  0.4] last=[2026-02-25 14:54:04,501 - INFO - [STaSy] Epoch 51/100 - avg_loss=0.983798, batches=836]
[2026-02-25 14:55:04] pid=1457525 ps=[1457525    02:09:05  149  0.4] last=[2026-02-25 14:55:04,612 - INFO - [STaSy] Epoch 56/100 - batch 220/836, loss=0.868675]
[2026-02-25 14:56:04] pid=1457525 ps=[1457525    02:10:05  149  0.4] last=[2026-02-25 14:56:04,560 - INFO - [STaSy] Epoch 60/100 - batch 400/836, loss=0.709797]
[2026-02-25 14:57:04] pid=1457525 ps=[1457525    02:11:05  148  0.4] last=[2026-02-25 14:57:04,546 - INFO - [STaSy] Epoch 64/100 - batch 500/836, loss=0.472348]
[2026-02-25 14:58:04] pid=1457525 ps=[1457525    02:12:05  148  0.4] last=[2026-02-25 14:58:04,772 - INFO - [STaSy] Epoch 68/100 - batch 680/836, loss=0.875570]
[2026-02-25 14:59:04] pid=1457525 ps=[1457525    02:13:05  148  0.4] last=[2026-02-25 14:59:04,713 - INFO - [STaSy] Epoch 73/100 - batch 60/836, loss=0.772871]
[2026-02-25 15:00:04] pid=1457525 ps=[1457525    02:14:05  148  0.4] last=[2026-02-25 15:00:04,771 - INFO - [STaSy] Epoch 77/100 - batch 280/836, loss=0.601573]
[2026-02-25 15:01:04] pid=1457525 ps=[1457525    02:15:05  147  0.4] last=[2026-02-25 15:01:04,624 - INFO - [STaSy] Epoch 81/100 - batch 520/836, loss=0.508895]
[2026-02-25 15:02:04] pid=1457525 ps=[1457525    02:16:05  147  0.4] last=[2026-02-25 15:02:04,736 - INFO - [STaSy] Epoch 85/100 - batch 780/836, loss=0.729040]
[2026-02-25 15:03:04] pid=1457525 ps=[1457525    02:17:05  147  0.4] last=[2026-02-25 15:03:04,696 - INFO - [STaSy] Epoch 90/100 - batch 160/836, loss=2.126783]
[2026-02-25 15:04:04] pid=1457525 ps=[1457525    02:18:05  146  0.4] last=[2026-02-25 15:04:04,726 - INFO - [STaSy] Epoch 94/100 - batch 380/836, loss=0.507822]
[2026-02-25 15:05:04] pid=1457525 ps=[1457525    02:19:05  146  0.4] last=[2026-02-25 15:05:04,930 - INFO - [STaSy] Epoch 98/100 - batch 640/836, loss=0.847993]
[2026-02-25 15:06:04] pid=1457525 ps=[1457525    02:20:05  146  0.4] last=[2026-02-25 15:05:36,317 - INFO - Sampling and Evaluating metrics...]
[2026-02-25 15:07:04] pid=1457525 ps=[1457525    02:21:05  146  0.4] last=[2026-02-25 15:05:36,317 - INFO - Sampling and Evaluating metrics...]
[2026-02-25 15:08:05] pid=1457525 ps=[1457525    02:22:05  145  0.4] last=[2026-02-25 15:05:36,317 - INFO - Sampling and Evaluating metrics...]
[2026-02-25 15:09:05] pid=1457525 ps=[1457525    02:23:05  145  0.4] last=[2026-02-25 15:05:36,317 - INFO - Sampling and Evaluating metrics...]
[2026-02-25 15:10:05] pid=1457525 ps=[1457525    02:24:05  153  0.4] last=[2026-02-25 15:09:54,026 - INFO - [Metrics] fidelity (Wasserstein+CMD) done in 0.29s]
[2026-02-25 15:11:05] target process not found; monitor exit
----- stasy_rerun_eval tail -----
2026-02-25 15:05:15,442 - INFO - [STaSy] Epoch 99/100 - batch 420/836, loss=1.486244
2026-02-25 15:05:15,781 - INFO - [STaSy] Epoch 99/100 - batch 440/836, loss=0.528527
2026-02-25 15:05:16,112 - INFO - [STaSy] Epoch 99/100 - batch 460/836, loss=1.604477
2026-02-25 15:05:16,442 - INFO - [STaSy] Epoch 99/100 - batch 480/836, loss=0.858465
2026-02-25 15:05:16,775 - INFO - [STaSy] Epoch 99/100 - batch 500/836, loss=0.525129
2026-02-25 15:05:17,104 - INFO - [STaSy] Epoch 99/100 - batch 520/836, loss=1.284258
2026-02-25 15:05:17,433 - INFO - [STaSy] Epoch 99/100 - batch 540/836, loss=0.377195
2026-02-25 15:05:17,761 - INFO - [STaSy] Epoch 99/100 - batch 560/836, loss=0.611984
2026-02-25 15:05:18,091 - INFO - [STaSy] Epoch 99/100 - batch 580/836, loss=0.831010
2026-02-25 15:05:18,422 - INFO - [STaSy] Epoch 99/100 - batch 600/836, loss=0.544664
2026-02-25 15:05:18,752 - INFO - [STaSy] Epoch 99/100 - batch 620/836, loss=0.971512
2026-02-25 15:05:19,075 - INFO - [STaSy] Epoch 99/100 - batch 640/836, loss=1.254289
2026-02-25 15:05:19,406 - INFO - [STaSy] Epoch 99/100 - batch 660/836, loss=0.417639
2026-02-25 15:05:19,738 - INFO - [STaSy] Epoch 99/100 - batch 680/836, loss=0.884428
2026-02-25 15:05:20,061 - INFO - [STaSy] Epoch 99/100 - batch 700/836, loss=1.015471
2026-02-25 15:05:20,392 - INFO - [STaSy] Epoch 99/100 - batch 720/836, loss=0.808530
2026-02-25 15:05:20,724 - INFO - [STaSy] Epoch 99/100 - batch 740/836, loss=0.436865
2026-02-25 15:05:21,048 - INFO - [STaSy] Epoch 99/100 - batch 760/836, loss=0.819355
2026-02-25 15:05:21,382 - INFO - [STaSy] Epoch 99/100 - batch 780/836, loss=1.498861
2026-02-25 15:05:21,725 - INFO - [STaSy] Epoch 99/100 - batch 800/836, loss=1.080766
2026-02-25 15:05:22,065 - INFO - [STaSy] Epoch 99/100 - batch 820/836, loss=0.578489
2026-02-25 15:05:22,341 - INFO - [STaSy] Epoch 99/100 - batch 836/836, loss=0.245691
2026-02-25 15:05:22,341 - INFO - [STaSy] Epoch 99/100 - avg_loss=0.864375, batches=836
2026-02-25 15:05:22,677 - INFO - [STaSy] Epoch 100/100 - batch 20/836, loss=0.977524
2026-02-25 15:05:23,018 - INFO - [STaSy] Epoch 100/100 - batch 40/836, loss=0.541496
2026-02-25 15:05:23,361 - INFO - [STaSy] Epoch 100/100 - batch 60/836, loss=1.562728
2026-02-25 15:05:23,706 - INFO - [STaSy] Epoch 100/100 - batch 80/836, loss=0.456511
2026-02-25 15:05:24,052 - INFO - [STaSy] Epoch 100/100 - batch 100/836, loss=0.688025
2026-02-25 15:05:24,397 - INFO - [STaSy] Epoch 100/100 - batch 120/836, loss=1.024537
2026-02-25 15:05:24,740 - INFO - [STaSy] Epoch 100/100 - batch 140/836, loss=0.690077
2026-02-25 15:05:25,086 - INFO - [STaSy] Epoch 100/100 - batch 160/836, loss=0.661219
2026-02-25 15:05:25,431 - INFO - [STaSy] Epoch 100/100 - batch 180/836, loss=1.771622
2026-02-25 15:05:25,776 - INFO - [STaSy] Epoch 100/100 - batch 200/836, loss=0.526949
2026-02-25 15:05:26,120 - INFO - [STaSy] Epoch 100/100 - batch 220/836, loss=0.718697
2026-02-25 15:05:26,459 - INFO - [STaSy] Epoch 100/100 - batch 240/836, loss=0.795880
2026-02-25 15:05:26,799 - INFO - [STaSy] Epoch 100/100 - batch 260/836, loss=0.948456
2026-02-25 15:05:27,130 - INFO - [STaSy] Epoch 100/100 - batch 280/836, loss=1.129883
2026-02-25 15:05:27,460 - INFO - [STaSy] Epoch 100/100 - batch 300/836, loss=0.593379
2026-02-25 15:05:27,788 - INFO - [STaSy] Epoch 100/100 - batch 320/836, loss=0.511450
2026-02-25 15:05:28,106 - INFO - [STaSy] Epoch 100/100 - batch 340/836, loss=1.153872
2026-02-25 15:05:28,434 - INFO - [STaSy] Epoch 100/100 - batch 360/836, loss=1.096044
2026-02-25 15:05:28,764 - INFO - [STaSy] Epoch 100/100 - batch 380/836, loss=0.965176
2026-02-25 15:05:29,094 - INFO - [STaSy] Epoch 100/100 - batch 400/836, loss=0.502844
2026-02-25 15:05:29,421 - INFO - [STaSy] Epoch 100/100 - batch 420/836, loss=1.102573
2026-02-25 15:05:29,753 - INFO - [STaSy] Epoch 100/100 - batch 440/836, loss=0.656665
2026-02-25 15:05:30,081 - INFO - [STaSy] Epoch 100/100 - batch 460/836, loss=0.805112
2026-02-25 15:05:30,414 - INFO - [STaSy] Epoch 100/100 - batch 480/836, loss=0.783107
2026-02-25 15:05:30,743 - INFO - [STaSy] Epoch 100/100 - batch 500/836, loss=0.987454
2026-02-25 15:05:31,071 - INFO - [STaSy] Epoch 100/100 - batch 520/836, loss=1.987216
2026-02-25 15:05:31,401 - INFO - [STaSy] Epoch 100/100 - batch 540/836, loss=1.145527
2026-02-25 15:05:31,733 - INFO - [STaSy] Epoch 100/100 - batch 560/836, loss=0.513697
2026-02-25 15:05:32,064 - INFO - [STaSy] Epoch 100/100 - batch 580/836, loss=0.694434
2026-02-25 15:05:32,392 - INFO - [STaSy] Epoch 100/100 - batch 600/836, loss=1.024662
2026-02-25 15:05:32,723 - INFO - [STaSy] Epoch 100/100 - batch 620/836, loss=1.206730
2026-02-25 15:05:33,055 - INFO - [STaSy] Epoch 100/100 - batch 640/836, loss=0.767578
2026-02-25 15:05:33,395 - INFO - [STaSy] Epoch 100/100 - batch 660/836, loss=0.851768
2026-02-25 15:05:33,732 - INFO - [STaSy] Epoch 100/100 - batch 680/836, loss=0.886618
2026-02-25 15:05:34,065 - INFO - [STaSy] Epoch 100/100 - batch 700/836, loss=1.365778
2026-02-25 15:05:34,396 - INFO - [STaSy] Epoch 100/100 - batch 720/836, loss=0.722229
2026-02-25 15:05:34,729 - INFO - [STaSy] Epoch 100/100 - batch 740/836, loss=0.881037
2026-02-25 15:05:35,062 - INFO - [STaSy] Epoch 100/100 - batch 760/836, loss=0.945071
2026-02-25 15:05:35,395 - INFO - [STaSy] Epoch 100/100 - batch 780/836, loss=0.458913
2026-02-25 15:05:35,724 - INFO - [STaSy] Epoch 100/100 - batch 800/836, loss=0.691111
2026-02-25 15:05:36,047 - INFO - [STaSy] Epoch 100/100 - batch 820/836, loss=0.550651
2026-02-25 15:05:36,316 - INFO - [STaSy] Epoch 100/100 - batch 836/836, loss=0.653003
2026-02-25 15:05:36,316 - INFO - [STaSy] Epoch 100/100 - avg_loss=0.868172, batches=836
2026-02-25 15:05:36,317 - INFO - Sampling and Evaluating metrics...
2026-02-25 15:09:53,732 - INFO - [Metrics] input shapes real_x=(53452, 29), fake_x=(53452, 29), real_y=(53452,), fake_y=(53452,)
2026-02-25 15:09:53,733 - INFO - [Metrics] preprocess done in 0.01s
2026-02-25 15:09:54,026 - INFO - [Metrics] fidelity (Wasserstein+CMD) done in 0.29s
2026-02-25 15:10:09,503 - INFO - [Metrics] ATE done in 15.48s
2026-02-25 15:10:09,504 - INFO - [Metrics] label dist fake(y=1:1757, y=0:51695) real(y=1:1568, y=0:51884)
2026-02-25 15:10:09,885 - INFO - [Metrics] TSTR done in 0.38s
2026-02-25 15:10:09,885 - INFO - [Metrics] total compute_metrics time 16.16s
2026-02-25 15:10:09,885 - INFO - === Aggregating Results ===
2026-02-25 15:10:09,888 - INFO - 
| Model           | ATE_Bias        | Wasserstein     | CMD             | TSTR_AUC        | TSTR_F1         |
|-----------------|-----------------|-----------------|-----------------|-----------------|-----------------|
| STaSy (ICLR 23) | 0.0016 ± 0.0011 | 0.1627 ± 0.0707 | 0.1448 ± 0.0573 | 0.9973 ± 0.0024 | 0.8703 ± 0.0329 |
2026-02-25 15:10:09,888 - INFO - Reports saved to markdown_report.md and latex_report.txt
